#
# There is insufficient memory for the Java Runtime Environment to continue.
# Native memory allocation (malloc) failed to allocate 72176 bytes. Error detail: Chunk::new
# Possible reasons:
#   The system is out of physical RAM or swap space
#   This process is running with CompressedOops enabled, and the Java Heap may be blocking the growth of the native heap
# Possible solutions:
#   Reduce memory load on the system
#   Increase physical memory or swap space
#   Check if swap backing store is full
#   Decrease Java heap size (-Xmx/-Xms)
#   Decrease number of Java threads
#   Decrease Java thread stack sizes (-Xss)
#   Set larger code cache with -XX:ReservedCodeCacheSize=
#   JVM is running with Unscaled Compressed Oops mode in which the Java heap is
#     placed in the first 4GB address space. The Java Heap base address is the
#     maximum limit for the native heap growth. Please use -XX:HeapBaseMinAddress
#     to set the Java Heap base and to place the Java Heap above 4GB virtual address.
# This output file may be truncated or incomplete.
#
#  Out of Memory Error (arena.cpp:168), pid=2836, tid=1840
#
# JRE version: OpenJDK Runtime Environment JBR-21.0.7+9-895.130-jcef (21.0.7+9) (build 21.0.7+9-b895.130)
# Java VM: OpenJDK 64-Bit Server VM JBR-21.0.7+9-895.130-jcef (21.0.7+9-b895.130, mixed mode, sharing, tiered, compressed oops, compressed class ptrs, g1 gc, windows-amd64)
# No core dump will be written. Minidumps are not enabled by default on client versions of Windows
#

---------------  S U M M A R Y ------------

Command Line: git4idea.http.GitAskPassApp Username for 'https://github.com': 

Host: Intel(R) Core(TM) i5-4260U CPU @ 1.40GHz, 4 cores, 3G,  Windows 10 , 64 bit Build 19041 (10.0.19041.5915)
Time: Tue Aug 12 08:04:47 2025 Hora est. Pacífico, Sudamérica elapsed time: 0.230652 seconds (0d 0h 0m 0s)

---------------  T H R E A D  ---------------

Current thread (0x00000228db683c50):  JavaThread "C2 CompilerThread0" daemon [_thread_in_native, id=1840, stack(0x000000fbc0e00000,0x000000fbc0f00000) (1024K)]


Current CompileTask:
C2:230  238       4       java.math.BigInteger::destructiveMulAdd (150 bytes)

Stack: [0x000000fbc0e00000,0x000000fbc0f00000]
Native frames: (J=compiled Java code, j=interpreted, Vv=VM code, C=native code)
V  [jvm.dll+0x6e6049]
V  [jvm.dll+0x8c4343]
V  [jvm.dll+0x8c689e]
V  [jvm.dll+0x8c6f83]
V  [jvm.dll+0x289266]
V  [jvm.dll+0xc675d]
V  [jvm.dll+0xc6c93]
V  [jvm.dll+0x3c4a0b]
V  [jvm.dll+0x3905b7]
V  [jvm.dll+0x38fa2a]
V  [jvm.dll+0x250912]
V  [jvm.dll+0x24fee1]
V  [jvm.dll+0x1cd734]
V  [jvm.dll+0x25f76c]
V  [jvm.dll+0x25dcb6]
V  [jvm.dll+0x3ffa86]
V  [jvm.dll+0x86bea8]
V  [jvm.dll+0x6e480d]
C  [ucrtbase.dll+0x21bb2]
C  [KERNEL32.DLL+0x17374]
C  [ntdll.dll+0x4cc91]


---------------  P R O C E S S  ---------------

Threads class SMR info:
_java_thread_list=0x00000228db8fed00, length=12, elements={
0x00000228c2be7440, 0x00000228db669f40, 0x00000228db66be80, 0x00000228db673c40,
0x00000228db6746b0, 0x00000228db676f40, 0x00000228db6775d0, 0x00000228db683c50,
0x00000228db684a90, 0x00000228db676220, 0x00000228db678980, 0x00000228db9c20a0
}

Java Threads: ( => current thread )
  0x00000228c2be7440 JavaThread "main"                              [_thread_in_vm, id=4172, stack(0x000000fbc0000000,0x000000fbc0100000) (1024K)]
  0x00000228db669f40 JavaThread "Reference Handler"          daemon [_thread_blocked, id=18176, stack(0x000000fbc0800000,0x000000fbc0900000) (1024K)]
  0x00000228db66be80 JavaThread "Finalizer"                  daemon [_thread_blocked, id=18428, stack(0x000000fbc0900000,0x000000fbc0a00000) (1024K)]
  0x00000228db673c40 JavaThread "Signal Dispatcher"          daemon [_thread_blocked, id=18972, stack(0x000000fbc0a00000,0x000000fbc0b00000) (1024K)]
  0x00000228db6746b0 JavaThread "Attach Listener"            daemon [_thread_blocked, id=2528, stack(0x000000fbc0b00000,0x000000fbc0c00000) (1024K)]
  0x00000228db676f40 JavaThread "Service Thread"             daemon [_thread_blocked, id=11400, stack(0x000000fbc0c00000,0x000000fbc0d00000) (1024K)]
  0x00000228db6775d0 JavaThread "Monitor Deflation Thread"   daemon [_thread_blocked, id=17524, stack(0x000000fbc0d00000,0x000000fbc0e00000) (1024K)]
=>0x00000228db683c50 JavaThread "C2 CompilerThread0"         daemon [_thread_in_native, id=1840, stack(0x000000fbc0e00000,0x000000fbc0f00000) (1024K)]
  0x00000228db684a90 JavaThread "C1 CompilerThread0"         daemon [_thread_blocked, id=4888, stack(0x000000fbc0f00000,0x000000fbc1000000) (1024K)]
  0x00000228db676220 JavaThread "Notification Thread"        daemon [_thread_blocked, id=13596, stack(0x000000fbc1000000,0x000000fbc1100000) (1024K)]
  0x00000228db678980 JavaThread "Common-Cleaner"             daemon [_thread_blocked, id=10564, stack(0x000000fbc1100000,0x000000fbc1200000) (1024K)]
  0x00000228db9c20a0 JavaThread "C2 CompilerThread1"         daemon [_thread_blocked, id=19012, stack(0x000000fbc1200000,0x000000fbc1300000) (1024K)]
Total: 12

Other Threads:
  0x00000228c2bbb0e0 VMThread "VM Thread"                           [id=16376, stack(0x000000fbc0700000,0x000000fbc0800000) (1024K)]
  0x00000228db65c210 WatcherThread "VM Periodic Task Thread"        [id=2576, stack(0x000000fbc0600000,0x000000fbc0700000) (1024K)]
  0x00000228c2bbad40 WorkerThread "GC Thread#0"                     [id=8972, stack(0x000000fbc0100000,0x000000fbc0200000) (1024K)]
  0x00000228c4e31ed0 ConcurrentGCThread "G1 Main Marker"            [id=10348, stack(0x000000fbc0200000,0x000000fbc0300000) (1024K)]
  0x00000228c2bb9ec0 WorkerThread "G1 Conc#0"                       [id=3900, stack(0x000000fbc0300000,0x000000fbc0400000) (1024K)]
  0x00000228c4e8fc50 ConcurrentGCThread "G1 Refine#0"               [id=816, stack(0x000000fbc0400000,0x000000fbc0500000) (1024K)]
  0x00000228c4e942f0 ConcurrentGCThread "G1 Service"                [id=4860, stack(0x000000fbc0500000,0x000000fbc0600000) (1024K)]
Total: 7

Threads with active compile tasks:
C2 CompilerThread0  302  238       4       java.math.BigInteger::destructiveMulAdd (150 bytes)
Total: 1

VM state: not at safepoint (normal execution)

VM Mutex/Monitor currently owned by a thread: None

Heap address: 0x00000000c0e00000, size: 1010 MB, Compressed Oops mode: 32-bit

CDS archive(s) mapped at: [0x0000022880000000-0x0000022880d10000-0x0000022880d10000), size 13697024, SharedBaseAddress: 0x0000022880000000, ArchiveRelocationMode: 1.
Compressed class space mapped at: 0x0000022881000000-0x00000228c1000000, reserved size: 1073741824
Narrow klass base: 0x0000022880000000, Narrow klass shift: 0, Narrow klass range: 0x100000000

GC Precious Log:
 CardTable entry size: 512
 Card Set container configuration: InlinePtr #cards 5 size 8 Array Of Cards #cards 12 size 40 Howl #buckets 4 coarsen threshold 1843 Howl Bitmap #cards 512 size 80 coarsen threshold 460 Card regions per heap region 1 cards per card region 2048
 CPUs: 4 total, 4 available
 Memory: 4036M
 Large Page Support: Disabled
 NUMA Support: Disabled
 Compressed Oops: Enabled (32-bit)
 Heap Region Size: 1M
 Heap Min Capacity: 8M
 Heap Initial Capacity: 64M
 Heap Max Capacity: 1010M
 Pre-touch: Disabled
 Parallel Workers: 4
 Concurrent Workers: 1
 Concurrent Refinement Workers: 4
 Periodic GC: Disabled

Heap:
 garbage-first heap   total 65536K, used 3072K [0x00000000c0e00000, 0x0000000100000000)
  region size 1024K, 4 young (4096K), 0 survivors (0K)
 Metaspace       used 1875K, committed 1984K, reserved 1114112K
  class space    used 197K, committed 256K, reserved 1048576K

Heap Regions: E=young(eden), S=young(survivor), O=old, HS=humongous(starts), HC=humongous(continues), CS=collection set, F=free, TAMS=top-at-mark-start, PB=parsable bottom
|   0|0x00000000c0e00000, 0x00000000c0e00000, 0x00000000c0f00000|  0%| F|  |TAMS 0x00000000c0e00000| PB 0x00000000c0e00000| Untracked 
|   1|0x00000000c0f00000, 0x00000000c0f00000, 0x00000000c1000000|  0%| F|  |TAMS 0x00000000c0f00000| PB 0x00000000c0f00000| Untracked 
|   2|0x00000000c1000000, 0x00000000c1000000, 0x00000000c1100000|  0%| F|  |TAMS 0x00000000c1000000| PB 0x00000000c1000000| Untracked 
|   3|0x00000000c1100000, 0x00000000c1100000, 0x00000000c1200000|  0%| F|  |TAMS 0x00000000c1100000| PB 0x00000000c1100000| Untracked 
|   4|0x00000000c1200000, 0x00000000c1200000, 0x00000000c1300000|  0%| F|  |TAMS 0x00000000c1200000| PB 0x00000000c1200000| Untracked 
|   5|0x00000000c1300000, 0x00000000c1300000, 0x00000000c1400000|  0%| F|  |TAMS 0x00000000c1300000| PB 0x00000000c1300000| Untracked 
|   6|0x00000000c1400000, 0x00000000c1400000, 0x00000000c1500000|  0%| F|  |TAMS 0x00000000c1400000| PB 0x00000000c1400000| Untracked 
|   7|0x00000000c1500000, 0x00000000c1500000, 0x00000000c1600000|  0%| F|  |TAMS 0x00000000c1500000| PB 0x00000000c1500000| Untracked 
|   8|0x00000000c1600000, 0x00000000c1600000, 0x00000000c1700000|  0%| F|  |TAMS 0x00000000c1600000| PB 0x00000000c1600000| Untracked 
|   9|0x00000000c1700000, 0x00000000c1700000, 0x00000000c1800000|  0%| F|  |TAMS 0x00000000c1700000| PB 0x00000000c1700000| Untracked 
|  10|0x00000000c1800000, 0x00000000c1800000, 0x00000000c1900000|  0%| F|  |TAMS 0x00000000c1800000| PB 0x00000000c1800000| Untracked 
|  11|0x00000000c1900000, 0x00000000c1900000, 0x00000000c1a00000|  0%| F|  |TAMS 0x00000000c1900000| PB 0x00000000c1900000| Untracked 
|  12|0x00000000c1a00000, 0x00000000c1a00000, 0x00000000c1b00000|  0%| F|  |TAMS 0x00000000c1a00000| PB 0x00000000c1a00000| Untracked 
|  13|0x00000000c1b00000, 0x00000000c1b00000, 0x00000000c1c00000|  0%| F|  |TAMS 0x00000000c1b00000| PB 0x00000000c1b00000| Untracked 
|  14|0x00000000c1c00000, 0x00000000c1c00000, 0x00000000c1d00000|  0%| F|  |TAMS 0x00000000c1c00000| PB 0x00000000c1c00000| Untracked 
|  15|0x00000000c1d00000, 0x00000000c1d00000, 0x00000000c1e00000|  0%| F|  |TAMS 0x00000000c1d00000| PB 0x00000000c1d00000| Untracked 
|  16|0x00000000c1e00000, 0x00000000c1e00000, 0x00000000c1f00000|  0%| F|  |TAMS 0x00000000c1e00000| PB 0x00000000c1e00000| Untracked 
|  17|0x00000000c1f00000, 0x00000000c1f00000, 0x00000000c2000000|  0%| F|  |TAMS 0x00000000c1f00000| PB 0x00000000c1f00000| Untracked 
|  18|0x00000000c2000000, 0x00000000c2000000, 0x00000000c2100000|  0%| F|  |TAMS 0x00000000c2000000| PB 0x00000000c2000000| Untracked 
|  19|0x00000000c2100000, 0x00000000c2100000, 0x00000000c2200000|  0%| F|  |TAMS 0x00000000c2100000| PB 0x00000000c2100000| Untracked 
|  20|0x00000000c2200000, 0x00000000c2200000, 0x00000000c2300000|  0%| F|  |TAMS 0x00000000c2200000| PB 0x00000000c2200000| Untracked 
|  21|0x00000000c2300000, 0x00000000c2300000, 0x00000000c2400000|  0%| F|  |TAMS 0x00000000c2300000| PB 0x00000000c2300000| Untracked 
|  22|0x00000000c2400000, 0x00000000c2400000, 0x00000000c2500000|  0%| F|  |TAMS 0x00000000c2400000| PB 0x00000000c2400000| Untracked 
|  23|0x00000000c2500000, 0x00000000c2500000, 0x00000000c2600000|  0%| F|  |TAMS 0x00000000c2500000| PB 0x00000000c2500000| Untracked 
|  24|0x00000000c2600000, 0x00000000c2600000, 0x00000000c2700000|  0%| F|  |TAMS 0x00000000c2600000| PB 0x00000000c2600000| Untracked 
|  25|0x00000000c2700000, 0x00000000c2700000, 0x00000000c2800000|  0%| F|  |TAMS 0x00000000c2700000| PB 0x00000000c2700000| Untracked 
|  26|0x00000000c2800000, 0x00000000c2800000, 0x00000000c2900000|  0%| F|  |TAMS 0x00000000c2800000| PB 0x00000000c2800000| Untracked 
|  27|0x00000000c2900000, 0x00000000c2900000, 0x00000000c2a00000|  0%| F|  |TAMS 0x00000000c2900000| PB 0x00000000c2900000| Untracked 
|  28|0x00000000c2a00000, 0x00000000c2a00000, 0x00000000c2b00000|  0%| F|  |TAMS 0x00000000c2a00000| PB 0x00000000c2a00000| Untracked 
|  29|0x00000000c2b00000, 0x00000000c2b00000, 0x00000000c2c00000|  0%| F|  |TAMS 0x00000000c2b00000| PB 0x00000000c2b00000| Untracked 
|  30|0x00000000c2c00000, 0x00000000c2c00000, 0x00000000c2d00000|  0%| F|  |TAMS 0x00000000c2c00000| PB 0x00000000c2c00000| Untracked 
|  31|0x00000000c2d00000, 0x00000000c2d00000, 0x00000000c2e00000|  0%| F|  |TAMS 0x00000000c2d00000| PB 0x00000000c2d00000| Untracked 
|  32|0x00000000c2e00000, 0x00000000c2e00000, 0x00000000c2f00000|  0%| F|  |TAMS 0x00000000c2e00000| PB 0x00000000c2e00000| Untracked 
|  33|0x00000000c2f00000, 0x00000000c2f00000, 0x00000000c3000000|  0%| F|  |TAMS 0x00000000c2f00000| PB 0x00000000c2f00000| Untracked 
|  34|0x00000000c3000000, 0x00000000c3000000, 0x00000000c3100000|  0%| F|  |TAMS 0x00000000c3000000| PB 0x00000000c3000000| Untracked 
|  35|0x00000000c3100000, 0x00000000c3100000, 0x00000000c3200000|  0%| F|  |TAMS 0x00000000c3100000| PB 0x00000000c3100000| Untracked 
|  36|0x00000000c3200000, 0x00000000c3200000, 0x00000000c3300000|  0%| F|  |TAMS 0x00000000c3200000| PB 0x00000000c3200000| Untracked 
|  37|0x00000000c3300000, 0x00000000c3300000, 0x00000000c3400000|  0%| F|  |TAMS 0x00000000c3300000| PB 0x00000000c3300000| Untracked 
|  38|0x00000000c3400000, 0x00000000c3400000, 0x00000000c3500000|  0%| F|  |TAMS 0x00000000c3400000| PB 0x00000000c3400000| Untracked 
|  39|0x00000000c3500000, 0x00000000c3500000, 0x00000000c3600000|  0%| F|  |TAMS 0x00000000c3500000| PB 0x00000000c3500000| Untracked 
|  40|0x00000000c3600000, 0x00000000c3600000, 0x00000000c3700000|  0%| F|  |TAMS 0x00000000c3600000| PB 0x00000000c3600000| Untracked 
|  41|0x00000000c3700000, 0x00000000c3700000, 0x00000000c3800000|  0%| F|  |TAMS 0x00000000c3700000| PB 0x00000000c3700000| Untracked 
|  42|0x00000000c3800000, 0x00000000c3800000, 0x00000000c3900000|  0%| F|  |TAMS 0x00000000c3800000| PB 0x00000000c3800000| Untracked 
|  43|0x00000000c3900000, 0x00000000c3900000, 0x00000000c3a00000|  0%| F|  |TAMS 0x00000000c3900000| PB 0x00000000c3900000| Untracked 
|  44|0x00000000c3a00000, 0x00000000c3a00000, 0x00000000c3b00000|  0%| F|  |TAMS 0x00000000c3a00000| PB 0x00000000c3a00000| Untracked 
|  45|0x00000000c3b00000, 0x00000000c3b00000, 0x00000000c3c00000|  0%| F|  |TAMS 0x00000000c3b00000| PB 0x00000000c3b00000| Untracked 
|  46|0x00000000c3c00000, 0x00000000c3c00000, 0x00000000c3d00000|  0%| F|  |TAMS 0x00000000c3c00000| PB 0x00000000c3c00000| Untracked 
|  47|0x00000000c3d00000, 0x00000000c3d00000, 0x00000000c3e00000|  0%| F|  |TAMS 0x00000000c3d00000| PB 0x00000000c3d00000| Untracked 
|  48|0x00000000c3e00000, 0x00000000c3e00000, 0x00000000c3f00000|  0%| F|  |TAMS 0x00000000c3e00000| PB 0x00000000c3e00000| Untracked 
|  49|0x00000000c3f00000, 0x00000000c3f00000, 0x00000000c4000000|  0%| F|  |TAMS 0x00000000c3f00000| PB 0x00000000c3f00000| Untracked 
|  50|0x00000000c4000000, 0x00000000c4000000, 0x00000000c4100000|  0%| F|  |TAMS 0x00000000c4000000| PB 0x00000000c4000000| Untracked 
|  51|0x00000000c4100000, 0x00000000c4100000, 0x00000000c4200000|  0%| F|  |TAMS 0x00000000c4100000| PB 0x00000000c4100000| Untracked 
|  52|0x00000000c4200000, 0x00000000c4200000, 0x00000000c4300000|  0%| F|  |TAMS 0x00000000c4200000| PB 0x00000000c4200000| Untracked 
|  53|0x00000000c4300000, 0x00000000c4300000, 0x00000000c4400000|  0%| F|  |TAMS 0x00000000c4300000| PB 0x00000000c4300000| Untracked 
|  54|0x00000000c4400000, 0x00000000c4400000, 0x00000000c4500000|  0%| F|  |TAMS 0x00000000c4400000| PB 0x00000000c4400000| Untracked 
|  55|0x00000000c4500000, 0x00000000c4500000, 0x00000000c4600000|  0%| F|  |TAMS 0x00000000c4500000| PB 0x00000000c4500000| Untracked 
|  56|0x00000000c4600000, 0x00000000c4600000, 0x00000000c4700000|  0%| F|  |TAMS 0x00000000c4600000| PB 0x00000000c4600000| Untracked 
|  57|0x00000000c4700000, 0x00000000c4700000, 0x00000000c4800000|  0%| F|  |TAMS 0x00000000c4700000| PB 0x00000000c4700000| Untracked 
|  58|0x00000000c4800000, 0x00000000c4800000, 0x00000000c4900000|  0%| F|  |TAMS 0x00000000c4800000| PB 0x00000000c4800000| Untracked 
|  59|0x00000000c4900000, 0x00000000c4900000, 0x00000000c4a00000|  0%| F|  |TAMS 0x00000000c4900000| PB 0x00000000c4900000| Untracked 
|  60|0x00000000c4a00000, 0x00000000c4ac9b20, 0x00000000c4b00000| 78%| E|  |TAMS 0x00000000c4a00000| PB 0x00000000c4a00000| Complete 
|  61|0x00000000c4b00000, 0x00000000c4c00000, 0x00000000c4c00000|100%| E|CS|TAMS 0x00000000c4b00000| PB 0x00000000c4b00000| Complete 
|  62|0x00000000c4c00000, 0x00000000c4d00000, 0x00000000c4d00000|100%| E|CS|TAMS 0x00000000c4c00000| PB 0x00000000c4c00000| Complete 
|  63|0x00000000c4d00000, 0x00000000c4e00000, 0x00000000c4e00000|100%| E|CS|TAMS 0x00000000c4d00000| PB 0x00000000c4d00000| Complete 

Card table byte_map: [0x00000228d8040000,0x00000228d8240000] _byte_map_base: 0x00000228d7a39000

Marking Bits: (CMBitMap*) 0x00000228c4e29600
 Bits: [0x00000228d8240000, 0x00000228d9208000)

Polling page: 0x00000228c2b50000

Metaspace:

Usage:
  Non-class:      1.65 MB used.
      Class:    201.29 KB used.
       Both:      1.85 MB used.

Virtual space:
  Non-class space:       64.00 MB reserved,       1.69 MB (  3%) committed,  1 nodes.
      Class space:        1.00 GB reserved,     256.00 KB ( <1%) committed,  1 nodes.
             Both:        1.06 GB reserved,       1.94 MB ( <1%) committed. 

Chunk freelists:
   Non-Class:  11.88 MB
       Class:  15.73 MB
        Both:  27.60 MB

MaxMetaspaceSize: unlimited
CompressedClassSpaceSize: 1.00 GB
Initial GC threshold: 21.00 MB
Current GC threshold: 21.00 MB
CDS: on
 - commit_granule_bytes: 65536.
 - commit_granule_words: 8192.
 - virtual_space_node_default_size: 8388608.
 - enlarge_chunks_in_place: 1.
 - use_allocation_guard: 0.


Internal statistics:

num_allocs_failed_limit: 0.
num_arena_births: 10.
num_arena_deaths: 0.
num_vsnodes_births: 2.
num_vsnodes_deaths: 0.
num_space_committed: 31.
num_space_uncommitted: 0.
num_chunks_returned_to_freelist: 0.
num_chunks_taken_from_freelist: 21.
num_chunk_merges: 0.
num_chunk_splits: 14.
num_chunks_enlarged: 12.
num_inconsistent_stats: 0.

CodeHeap 'non-profiled nmethods': size=120000Kb used=94Kb max_used=94Kb free=119905Kb
 bounds [0x00000228d0910000, 0x00000228d0b80000, 0x00000228d7e40000]
CodeHeap 'profiled nmethods': size=120000Kb used=386Kb max_used=386Kb free=119613Kb
 bounds [0x00000228c8e40000, 0x00000228c90b0000, 0x00000228d0370000]
CodeHeap 'non-nmethods': size=5760Kb used=1330Kb max_used=1336Kb free=4429Kb
 bounds [0x00000228d0370000, 0x00000228d05e0000, 0x00000228d0910000]
 total_blobs=740 nmethods=299 adapters=346
 compilation: enabled
              stopped_count=0, restarted_count=0
 full_count=0

Compilation events (20 events):
Event: 0.226 Thread 0x00000228db684a90 nmethod 244 0x00000228c8e92110 code [0x00000228c8e923a0, 0x00000228c8e92e90]
Event: 0.226 Thread 0x00000228db684a90  246       3       java.util.Locale::getLanguage (8 bytes)
Event: 0.226 Thread 0x00000228db684a90 nmethod 246 0x00000228c8e93290 code [0x00000228c8e93420, 0x00000228c8e93550]
Event: 0.226 Thread 0x00000228db684a90  245       3       java.security.Provider$ServiceKey::<init> (39 bytes)
Event: 0.227 Thread 0x00000228db684a90 nmethod 245 0x00000228c8e93610 code [0x00000228c8e93820, 0x00000228c8e93d28]
Event: 0.227 Thread 0x00000228db684a90  249       3       java.security.Provider$ServiceKey::hashCode (19 bytes)
Event: 0.227 Thread 0x00000228db684a90 nmethod 249 0x00000228c8e93f10 code [0x00000228c8e940c0, 0x00000228c8e94258]
Event: 0.227 Thread 0x00000228db684a90  247       3       java.util.HashMap$EntryIterator::next (5 bytes)
Event: 0.227 Thread 0x00000228db684a90 nmethod 247 0x00000228c8e94390 code [0x00000228c8e94540, 0x00000228c8e946d8]
Event: 0.227 Thread 0x00000228db684a90  248       3       java.util.HashMap$EntryIterator::next (5 bytes)
Event: 0.227 Thread 0x00000228db684a90 nmethod 248 0x00000228c8e94790 code [0x00000228c8e94940, 0x00000228c8e94a78]
Event: 0.227 Thread 0x00000228db684a90  250       1       java.security.Provider$UString::toString (5 bytes)
Event: 0.227 Thread 0x00000228db684a90 nmethod 250 0x00000228d0921410 code [0x00000228d09215a0, 0x00000228d0921668]
Event: 0.227 Thread 0x00000228db684a90  253       1       java.util.Collections$EmptyIterator::hasNext (2 bytes)
Event: 0.227 Thread 0x00000228db684a90 nmethod 253 0x00000228d0921710 code [0x00000228d09218a0, 0x00000228d0921968]
Event: 0.227 Thread 0x00000228db684a90  251       1       java.security.Provider$Service::getProvider (5 bytes)
Event: 0.227 Thread 0x00000228db684a90 nmethod 251 0x00000228d0921a10 code [0x00000228d0921ba0, 0x00000228d0921c68]
Event: 0.227 Thread 0x00000228db684a90  252       1       java.security.Provider$Service::getClassName (5 bytes)
Event: 0.228 Thread 0x00000228db684a90 nmethod 252 0x00000228d0921d10 code [0x00000228d0921ea0, 0x00000228d0921f68]
Event: 0.228 Thread 0x00000228db684a90  254       3       java.lang.Class::getClassLoader (28 bytes)

GC Heap History (0 events):
No events

Dll operation events (2 events):
Event: 0.012 Loaded shared library C:\Users\WFSYSTEM\AppData\Local\Programs\IntelliJ IDEA Ultimate 2025.1.4.1\jbr\bin\java.dll
Event: 0.085 Loaded shared library C:\Users\WFSYSTEM\AppData\Local\Programs\IntelliJ IDEA Ultimate 2025.1.4.1\jbr\bin\zip.dll

Deoptimization events (0 events):
No events

Classes loaded (20 events):
Event: 0.211 Loading class java/security/spec/AlgorithmParameterSpec
Event: 0.211 Loading class java/security/spec/AlgorithmParameterSpec done
Event: 0.211 Loading class java/security/spec/ECParameterSpec done
Event: 0.211 Loading class sun/security/util/NamedCurve done
Event: 0.211 Loading class sun/security/util/DerOutputStream
Event: 0.212 Loading class sun/security/util/DerEncoder
Event: 0.212 Loading class sun/security/util/DerEncoder done
Event: 0.212 Loading class sun/security/util/DerOutputStream done
Event: 0.212 Loading class sun/security/util/ByteArrayLexOrder
Event: 0.212 Loading class sun/security/util/ByteArrayLexOrder done
Event: 0.212 Loading class sun/security/util/ByteArrayTagOrder
Event: 0.212 Loading class sun/security/util/ByteArrayTagOrder done
Event: 0.212 Loading class sun/security/util/ObjectIdentifier
Event: 0.212 Loading class sun/security/util/ObjectIdentifier done
Event: 0.217 Loading class java/security/spec/ECFieldF2m
Event: 0.218 Loading class java/security/spec/ECFieldF2m done
Event: 0.224 Loading class java/util/LinkedHashMap$LinkedValues
Event: 0.225 Loading class java/util/LinkedHashMap$LinkedValues done
Event: 0.227 Loading class sun/security/ssl/SunJSSE
Event: 0.227 Loading class sun/security/ssl/SunJSSE done

Classes unloaded (0 events):
No events

Classes redefined (0 events):
No events

Internal exceptions (0 events):
No events

ZGC Phase Switch (0 events):
No events

VM Operations (4 events):
Event: 0.105 Executing VM operation: HandshakeAllThreads (Deoptimize)
Event: 0.105 Executing VM operation: HandshakeAllThreads (Deoptimize) done
Event: 0.114 Executing VM operation: HandshakeAllThreads (Deoptimize)
Event: 0.114 Executing VM operation: HandshakeAllThreads (Deoptimize) done

Memory protections (0 events):
No events

Nmethod flushes (0 events):
No events

Events (16 events):
Event: 0.034 Thread 0x00000228c2be7440 Thread added: 0x00000228c2be7440
Event: 0.053 Thread 0x00000228c2be7440 Thread added: 0x00000228db669f40
Event: 0.053 Thread 0x00000228c2be7440 Thread added: 0x00000228db66be80
Event: 0.054 Thread 0x00000228c2be7440 Thread added: 0x00000228db673c40
Event: 0.054 Thread 0x00000228c2be7440 Thread added: 0x00000228db6746b0
Event: 0.054 Thread 0x00000228c2be7440 Thread added: 0x00000228db676f40
Event: 0.054 Thread 0x00000228c2be7440 Thread added: 0x00000228db6775d0
Event: 0.054 Thread 0x00000228c2be7440 Thread added: 0x00000228db683c50
Event: 0.054 Thread 0x00000228c2be7440 Thread added: 0x00000228db684a90
Event: 0.084 Thread 0x00000228c2be7440 Thread added: 0x00000228db676220
Event: 0.088 Thread 0x00000228c2be7440 Thread added: 0x00000228db678980
Event: 0.093 Loaded shared library C:\Users\WFSYSTEM\AppData\Local\Programs\IntelliJ IDEA Ultimate 2025.1.4.1\jbr\bin\net.dll
Event: 0.095 Loaded shared library C:\Users\WFSYSTEM\AppData\Local\Programs\IntelliJ IDEA Ultimate 2025.1.4.1\jbr\bin\nio.dll
Event: 0.099 Loaded shared library C:\Users\WFSYSTEM\AppData\Local\Programs\IntelliJ IDEA Ultimate 2025.1.4.1\jbr\bin\zip.dll
Event: 0.180 Loaded shared library C:\Users\WFSYSTEM\AppData\Local\Programs\IntelliJ IDEA Ultimate 2025.1.4.1\jbr\bin\jimage.dll
Event: 0.193 Loaded shared library C:\Users\WFSYSTEM\AppData\Local\Programs\IntelliJ IDEA Ultimate 2025.1.4.1\jbr\bin\sunmscapi.dll


Dynamic libraries:
0x00007ff6758e0000 - 0x00007ff6758ea000 	C:\Users\WFSYSTEM\AppData\Local\Programs\IntelliJ IDEA Ultimate 2025.1.4.1\jbr\bin\java.exe
0x00007ffad7690000 - 0x00007ffad7888000 	C:\Windows\SYSTEM32\ntdll.dll
0x00007ffad6ad0000 - 0x00007ffad6b92000 	C:\Windows\System32\KERNEL32.DLL
0x00007ffad5080000 - 0x00007ffad5376000 	C:\Windows\System32\KERNELBASE.dll
0x00007ffad55b0000 - 0x00007ffad56b0000 	C:\Windows\System32\ucrtbase.dll
0x00007ffacf740000 - 0x00007ffacf75b000 	C:\Users\WFSYSTEM\AppData\Local\Programs\IntelliJ IDEA Ultimate 2025.1.4.1\jbr\bin\VCRUNTIME140.dll
0x00007ffac2050000 - 0x00007ffac2068000 	C:\Users\WFSYSTEM\AppData\Local\Programs\IntelliJ IDEA Ultimate 2025.1.4.1\jbr\bin\jli.dll
0x00007ffad57f0000 - 0x00007ffad598d000 	C:\Windows\System32\USER32.dll
0x00007ffac33f0000 - 0x00007ffac368a000 	C:\Windows\WinSxS\amd64_microsoft.windows.common-controls_6595b64144ccf1df_6.0.19041.5915_none_60b4b9d171f9c7c7\COMCTL32.dll
0x00007ffad5580000 - 0x00007ffad55a2000 	C:\Windows\System32\win32u.dll
0x00007ffad6580000 - 0x00007ffad661e000 	C:\Windows\System32\msvcrt.dll
0x00007ffad7550000 - 0x00007ffad757b000 	C:\Windows\System32\GDI32.dll
0x00007ffad4d70000 - 0x00007ffad4e89000 	C:\Windows\System32\gdi32full.dll
0x00007ffad54e0000 - 0x00007ffad557d000 	C:\Windows\System32\msvcp_win.dll
0x00007ffad64f0000 - 0x00007ffad651f000 	C:\Windows\System32\IMM32.DLL
0x00007ffacf800000 - 0x00007ffacf80c000 	C:\Users\WFSYSTEM\AppData\Local\Programs\IntelliJ IDEA Ultimate 2025.1.4.1\jbr\bin\vcruntime140_1.dll
0x00007ffab06d0000 - 0x00007ffab075d000 	C:\Users\WFSYSTEM\AppData\Local\Programs\IntelliJ IDEA Ultimate 2025.1.4.1\jbr\bin\msvcp140.dll
0x00007ffa9d200000 - 0x00007ffa9dfc1000 	C:\Users\WFSYSTEM\AppData\Local\Programs\IntelliJ IDEA Ultimate 2025.1.4.1\jbr\bin\server\jvm.dll
0x00007ffad7590000 - 0x00007ffad7641000 	C:\Windows\System32\ADVAPI32.dll
0x00007ffad61e0000 - 0x00007ffad627f000 	C:\Windows\System32\sechost.dll
0x00007ffad7420000 - 0x00007ffad7543000 	C:\Windows\System32\RPCRT4.dll
0x00007ffad5430000 - 0x00007ffad5457000 	C:\Windows\System32\bcrypt.dll
0x00007ffad6280000 - 0x00007ffad62eb000 	C:\Windows\System32\WS2_32.dll
0x00007ffad4b80000 - 0x00007ffad4bcb000 	C:\Windows\SYSTEM32\POWRPROF.dll
0x00007ffac2b80000 - 0x00007ffac2ba7000 	C:\Windows\SYSTEM32\WINMM.dll
0x00007ffac2bb0000 - 0x00007ffac2bba000 	C:\Windows\SYSTEM32\VERSION.dll
0x00007ffad4b60000 - 0x00007ffad4b72000 	C:\Windows\SYSTEM32\UMPDC.dll
0x00007ffad2d80000 - 0x00007ffad2d92000 	C:\Windows\SYSTEM32\kernel.appcore.dll
0x00007ffacf240000 - 0x00007ffacf24a000 	C:\Users\WFSYSTEM\AppData\Local\Programs\IntelliJ IDEA Ultimate 2025.1.4.1\jbr\bin\jimage.dll
0x00007ffac5ca0000 - 0x00007ffac5ea1000 	C:\Windows\SYSTEM32\DBGHELP.DLL
0x00007ffac0780000 - 0x00007ffac07b4000 	C:\Windows\SYSTEM32\dbgcore.DLL
0x00007ffad4e90000 - 0x00007ffad4f12000 	C:\Windows\System32\bcryptPrimitives.dll
0x00007fface9e0000 - 0x00007ffacea00000 	C:\Users\WFSYSTEM\AppData\Local\Programs\IntelliJ IDEA Ultimate 2025.1.4.1\jbr\bin\java.dll
0x00007ffad5a70000 - 0x00007ffad61de000 	C:\Windows\System32\SHELL32.dll
0x00007ffad2da0000 - 0x00007ffad3544000 	C:\Windows\SYSTEM32\windows.storage.dll
0x00007ffad66a0000 - 0x00007ffad69f3000 	C:\Windows\System32\combase.dll
0x00007ffad4680000 - 0x00007ffad46ab000 	C:\Windows\SYSTEM32\Wldp.dll
0x00007ffad6a00000 - 0x00007ffad6acd000 	C:\Windows\System32\OLEAUT32.dll
0x00007ffad6ba0000 - 0x00007ffad6c4d000 	C:\Windows\System32\SHCORE.dll
0x00007ffad73c0000 - 0x00007ffad741b000 	C:\Windows\System32\shlwapi.dll
0x00007ffad4c50000 - 0x00007ffad4c74000 	C:\Windows\SYSTEM32\profapi.dll
0x00007fface9c0000 - 0x00007fface9d8000 	C:\Users\WFSYSTEM\AppData\Local\Programs\IntelliJ IDEA Ultimate 2025.1.4.1\jbr\bin\zip.dll
0x00007fface8e0000 - 0x00007fface8f0000 	C:\Users\WFSYSTEM\AppData\Local\Programs\IntelliJ IDEA Ultimate 2025.1.4.1\jbr\bin\net.dll
0x00007ffacba10000 - 0x00007ffacbb1a000 	C:\Windows\SYSTEM32\WINHTTP.dll
0x00007ffad43e0000 - 0x00007ffad444a000 	C:\Windows\system32\mswsock.dll
0x00007fface500000 - 0x00007fface516000 	C:\Users\WFSYSTEM\AppData\Local\Programs\IntelliJ IDEA Ultimate 2025.1.4.1\jbr\bin\nio.dll
0x00007fface1e0000 - 0x00007fface1ee000 	C:\Users\WFSYSTEM\AppData\Local\Programs\IntelliJ IDEA Ultimate 2025.1.4.1\jbr\bin\sunmscapi.dll
0x00007ffad4f20000 - 0x00007ffad507d000 	C:\Windows\System32\CRYPT32.dll
0x00007ffad46f0000 - 0x00007ffad4717000 	C:\Windows\SYSTEM32\ncrypt.dll
0x00007ffad46b0000 - 0x00007ffad46eb000 	C:\Windows\SYSTEM32\NTASN1.dll

dbghelp: loaded successfully - version: 4.0.5 - missing functions: none
symbol engine: initialized successfully - sym options: 0x614 - pdb path: .;C:\Users\WFSYSTEM\AppData\Local\Programs\IntelliJ IDEA Ultimate 2025.1.4.1\jbr\bin;C:\Windows\SYSTEM32;C:\Windows\WinSxS\amd64_microsoft.windows.common-controls_6595b64144ccf1df_6.0.19041.5915_none_60b4b9d171f9c7c7;C:\Users\WFSYSTEM\AppData\Local\Programs\IntelliJ IDEA Ultimate 2025.1.4.1\jbr\bin\server

VM Arguments:
java_command: git4idea.http.GitAskPassApp Username for 'https://github.com': 
java_class_path (initial): C:/Users/WFSYSTEM/AppData/Local/Programs/IntelliJ IDEA Ultimate 2025.1.4.1/plugins/vcs-git/lib/git4idea-rt.jar;C:/Users/WFSYSTEM/AppData/Local/Programs/IntelliJ IDEA Ultimate 2025.1.4.1/lib/externalProcess-rt.jar
Launcher Type: SUN_STANDARD

[Global flags]
     intx CICompilerCount                          = 3                                         {product} {ergonomic}
     uint ConcGCThreads                            = 1                                         {product} {ergonomic}
     uint G1ConcRefinementThreads                  = 4                                         {product} {ergonomic}
   size_t G1HeapRegionSize                         = 1048576                                   {product} {ergonomic}
    uintx GCDrainStackTargetSize                   = 64                                        {product} {ergonomic}
   size_t InitialHeapSize                          = 67108864                                  {product} {ergonomic}
   size_t MarkStackSize                            = 4194304                                   {product} {ergonomic}
   size_t MaxHeapSize                              = 1059061760                                {product} {ergonomic}
   size_t MaxNewSize                               = 635437056                                 {product} {ergonomic}
   size_t MinHeapDeltaBytes                        = 1048576                                   {product} {ergonomic}
   size_t MinHeapSize                              = 8388608                                   {product} {ergonomic}
    uintx NonNMethodCodeHeapSize                   = 5832780                                {pd product} {ergonomic}
    uintx NonProfiledCodeHeapSize                  = 122912730                              {pd product} {ergonomic}
    uintx ProfiledCodeHeapSize                     = 122912730                              {pd product} {ergonomic}
    uintx ReservedCodeCacheSize                    = 251658240                              {pd product} {ergonomic}
     bool SegmentedCodeCache                       = true                                      {product} {ergonomic}
   size_t SoftMaxHeapSize                          = 1059061760                             {manageable} {ergonomic}
     bool UseCompressedOops                        = true                           {product lp64_product} {ergonomic}
     bool UseG1GC                                  = true                                      {product} {ergonomic}
     bool UseLargePagesIndividualAllocation        = false                                  {pd product} {ergonomic}

Logging:
Log output configuration:
 #0: stdout all=warning uptime,level,tags foldmultilines=false
 #1: stderr all=off uptime,level,tags foldmultilines=false

Environment Variables:
JAVA_HOME=C:\Program Files\Eclipse Adoptium\jdk-17.0.15.6-hotspot
PATH=C:\Program Files\Git\mingw64\libexec\git-core;C:\Program Files\Git\mingw64\libexec\git-core;C:\Program Files\Git\mingw64\bin;C:\Program Files\Git\usr\bin;C:\Users\WFSYSTEM\bin;C:\Program Files (x86)\Common Files\Oracle\Java\java8path;C:\Program Files (x86)\Common Files\Oracle\Java\javapath;C:\Program Files\Eclipse Adoptium\jdk-17.0.15.6-hotspot\bin;C:\Program Files\Eclipse Adoptium\jdk-17.0.15.6-hotspot\bin;C:\Program Files\apache\bin\bin;C:\Program Files\Tailscale;C:\Program Files\PuTTY;C:\Program Files\nodejs;C:\Program Files\Git\cmd;%MAVE_HOME%;C:\Program Files\Apache\bin;C:\Program Files\JetBrains\IntelliJ IDEA Community Edition 2025.1\bin;C:\Users\WFSYSTEM\AppData\Roaming\npm;C:\Users\WFSYSTEM\AppData\Local\Programs\Microsoft VS Code\bin;C:\tizen\tools
USERNAME=WFSYSTEM
DISPLAY=:0.0
LC_ALL=en_US.UTF-8
TERM=xterm-256color
TMPDIR=C:\Users\WFSYSTEM\AppData\Local\Temp
OS=Windows_NT
PROCESSOR_IDENTIFIER=Intel64 Family 6 Model 69 Stepping 1, GenuineIntel
TMP=C:\Users\WFSYSTEM\AppData\Local\Temp
TEMP=C:\Users\WFSYSTEM\AppData\Local\Temp




Periodic native trim disabled

JNI global refs:
JNI global refs: 7, weak refs: 0

JNI global refs memory usage: 835, weak refs: 201

Process memory usage:
Resident Set Size: 44696K (1% of 4133120K total physical memory with 583772K free physical memory)

OOME stack traces (most recent first):
Classloader memory used:
Loader bootstrap                                                                       : 1905K
Loader jdk.internal.loader.ClassLoaders$PlatformClassLoader                            : 114K
Loader jdk.internal.loader.ClassLoaders$AppClassLoader                                 : 16400B

---------------  S Y S T E M  ---------------

OS:
 Windows 10 , 64 bit Build 19041 (10.0.19041.5915)
OS uptime: 4 days 22:56 hours

CPU: total 4 (initial active 4) (2 cores per cpu, 2 threads per core) family 6 model 69 stepping 1 microcode 0x26, cx8, cmov, fxsr, ht, mmx, sse, sse2, sse3, ssse3, sse4.1, sse4.2, popcnt, lzcnt, tsc, tscinvbit, avx, avx2, aes, erms, clmul, bmi1, bmi2, fma, vzeroupper, clflush, rdtscp, f16c
Processor Information for the first 4 processors :
  Max Mhz: 2001, Current Mhz: 2001, Mhz Limit: 2001

Memory: 4k page, system-wide physical 4036M (570M free)
TotalPageFile size 12228M (AvailPageFile size 1M)
current process WorkingSet (physical memory assigned to process): 43M, peak: 43M
current process commit charge ("private bytes"): 138M, peak: 139M

vm_info: OpenJDK 64-Bit Server VM (21.0.7+9-b895.130) for windows-amd64 JRE (21.0.7+9-b895.130), built on 2025-05-13 by "builduser" with MS VC++ 16.10 / 16.11 (VS2019)

END.
