#
# There is insufficient memory for the Java Runtime Environment to continue.
# Native memory allocation (malloc) failed to allocate 872176 bytes. Error detail: Chunk::new
# Possible reasons:
#   The system is out of physical RAM or swap space
#   This process is running with CompressedOops enabled, and the Java Heap may be blocking the growth of the native heap
# Possible solutions:
#   Reduce memory load on the system
#   Increase physical memory or swap space
#   Check if swap backing store is full
#   Decrease Java heap size (-Xmx/-Xms)
#   Decrease number of Java threads
#   Decrease Java thread stack sizes (-Xss)
#   Set larger code cache with -XX:ReservedCodeCacheSize=
#   JVM is running with Unscaled Compressed Oops mode in which the Java heap is
#     placed in the first 4GB address space. The Java Heap base address is the
#     maximum limit for the native heap growth. Please use -XX:HeapBaseMinAddress
#     to set the Java Heap base and to place the Java Heap above 4GB virtual address.
# This output file may be truncated or incomplete.
#
#  Out of Memory Error (arena.cpp:168), pid=16776, tid=17324
#
# JRE version: OpenJDK Runtime Environment JBR-21.0.7+9-895.130-jcef (21.0.7+9) (build 21.0.7+9-b895.130)
# Java VM: OpenJDK 64-Bit Server VM JBR-21.0.7+9-895.130-jcef (21.0.7+9-b895.130, mixed mode, sharing, tiered, compressed oops, compressed class ptrs, g1 gc, windows-amd64)
# No core dump will be written. Minidumps are not enabled by default on client versions of Windows
#

---------------  S U M M A R Y ------------

Command Line: git4idea.http.GitAskPassApp Username for 'https://github.com': 

Host: Intel(R) Core(TM) i5-4260U CPU @ 1.40GHz, 4 cores, 3G,  Windows 10 , 64 bit Build 19041 (10.0.19041.5915)
Time: Wed Aug  6 16:11:12 2025 Hora est. Pacífico, Sudamérica elapsed time: 1.051827 seconds (0d 0h 0m 1s)

---------------  T H R E A D  ---------------

Current thread (0x000001a45e13e580):  JavaThread "C2 CompilerThread1" daemon [_thread_in_native, id=17324, stack(0x00000087c8600000,0x00000087c8700000) (1024K)]


Current CompileTask:
C2:1051 1062       4       sun.security.ec.ECOperations::setDouble (463 bytes)

Stack: [0x00000087c8600000,0x00000087c8700000]
Native frames: (J=compiled Java code, j=interpreted, Vv=VM code, C=native code)
V  [jvm.dll+0x6e6049]
V  [jvm.dll+0x8c4343]
V  [jvm.dll+0x8c689e]
V  [jvm.dll+0x8c6f83]
V  [jvm.dll+0x289266]
V  [jvm.dll+0xc675d]
V  [jvm.dll+0xc6c93]
V  [jvm.dll+0x2fee70]
V  [jvm.dll+0x60cb49]
V  [jvm.dll+0x259a22]
V  [jvm.dll+0x259ddf]
V  [jvm.dll+0x252585]
V  [jvm.dll+0x24fdde]
V  [jvm.dll+0x1cd734]
V  [jvm.dll+0x25f76c]
V  [jvm.dll+0x25dcb6]
V  [jvm.dll+0x3ffa86]
V  [jvm.dll+0x86bea8]
V  [jvm.dll+0x6e480d]
C  [ucrtbase.dll+0x21bb2]
C  [KERNEL32.DLL+0x17374]
C  [ntdll.dll+0x4cc91]


---------------  P R O C E S S  ---------------

Threads class SMR info:
_java_thread_list=0x000001a45e6f9160, length=15, elements={
0x000001a4067fd630, 0x000001a45e122ff0, 0x000001a45e125a20, 0x000001a45e12d650,
0x000001a45e12e320, 0x000001a45e131520, 0x000001a45e132710, 0x000001a45e13b750,
0x000001a45e1400c0, 0x000001a45e3a61e0, 0x000001a45e3a8e20, 0x000001a463014110,
0x000001a4630f9820, 0x000001a46317d340, 0x000001a45e13e580
}

Java Threads: ( => current thread )
  0x000001a4067fd630 JavaThread "main"                              [_thread_blocked, id=15596, stack(0x00000087c7000000,0x00000087c7100000) (1024K)]
  0x000001a45e122ff0 JavaThread "Reference Handler"          daemon [_thread_blocked, id=15540, stack(0x00000087c7800000,0x00000087c7900000) (1024K)]
  0x000001a45e125a20 JavaThread "Finalizer"                  daemon [_thread_blocked, id=384, stack(0x00000087c7900000,0x00000087c7a00000) (1024K)]
  0x000001a45e12d650 JavaThread "Signal Dispatcher"          daemon [_thread_blocked, id=5520, stack(0x00000087c7a00000,0x00000087c7b00000) (1024K)]
  0x000001a45e12e320 JavaThread "Attach Listener"            daemon [_thread_blocked, id=16364, stack(0x00000087c7b00000,0x00000087c7c00000) (1024K)]
  0x000001a45e131520 JavaThread "Service Thread"             daemon [_thread_blocked, id=124, stack(0x00000087c7c00000,0x00000087c7d00000) (1024K)]
  0x000001a45e132710 JavaThread "Monitor Deflation Thread"   daemon [_thread_blocked, id=14844, stack(0x00000087c7d00000,0x00000087c7e00000) (1024K)]
  0x000001a45e13b750 JavaThread "C2 CompilerThread0"         daemon [_thread_blocked, id=14588, stack(0x00000087c7e00000,0x00000087c7f00000) (1024K)]
  0x000001a45e1400c0 JavaThread "C1 CompilerThread0"         daemon [_thread_blocked, id=18352, stack(0x00000087c7f00000,0x00000087c8000000) (1024K)]
  0x000001a45e3a61e0 JavaThread "Notification Thread"        daemon [_thread_blocked, id=16868, stack(0x00000087c8000000,0x00000087c8100000) (1024K)]
  0x000001a45e3a8e20 JavaThread "Common-Cleaner"             daemon [_thread_blocked, id=13008, stack(0x00000087c8100000,0x00000087c8200000) (1024K)]
  0x000001a463014110 JavaThread "HttpClient-1-SelectorManager" daemon [_thread_in_native, id=16952, stack(0x00000087c8200000,0x00000087c8300000) (1024K)]
  0x000001a4630f9820 JavaThread "HttpClient-1-Worker-0"      daemon [_thread_in_vm, id=18788, stack(0x00000087c8400000,0x00000087c8500000) (1024K)]
  0x000001a46317d340 JavaThread "HttpClient-1-Worker-1"      daemon [_thread_blocked, id=8308, stack(0x00000087c8500000,0x00000087c8600000) (1024K)]
=>0x000001a45e13e580 JavaThread "C2 CompilerThread1"         daemon [_thread_in_native, id=17324, stack(0x00000087c8600000,0x00000087c8700000) (1024K)]
Total: 15

Other Threads:
  0x000001a4068bc230 VMThread "VM Thread"                           [id=6796, stack(0x00000087c7700000,0x00000087c7800000) (1024K)]
  0x000001a4068aaed0 WatcherThread "VM Periodic Task Thread"        [id=16292, stack(0x00000087c7600000,0x00000087c7700000) (1024K)]
  0x000001a4068335f0 WorkerThread "GC Thread#0"                     [id=12148, stack(0x00000087c7100000,0x00000087c7200000) (1024K)]
  0x000001a463241240 WorkerThread "GC Thread#1"                     [id=17632, stack(0x00000087c8700000,0x00000087c8800000) (1024K)]
  0x000001a463279650 WorkerThread "GC Thread#2"                     [id=18332, stack(0x00000087c8800000,0x00000087c8900000) (1024K)]
  0x000001a46308dc30 WorkerThread "GC Thread#3"                     [id=1232, stack(0x00000087c8900000,0x00000087c8a00000) (1024K)]
  0x000001a40683c5c0 ConcurrentGCThread "G1 Main Marker"            [id=16748, stack(0x00000087c7200000,0x00000087c7300000) (1024K)]
  0x000001a40683d860 WorkerThread "G1 Conc#0"                       [id=12484, stack(0x00000087c7300000,0x00000087c7400000) (1024K)]
  0x000001a40689a550 ConcurrentGCThread "G1 Refine#0"               [id=16796, stack(0x00000087c7400000,0x00000087c7500000) (1024K)]
  0x000001a40689bfe0 ConcurrentGCThread "G1 Service"                [id=5012, stack(0x00000087c7500000,0x00000087c7600000) (1024K)]
Total: 10

Threads with active compile tasks:
C2 CompilerThread1  1114 1062       4       sun.security.ec.ECOperations::setDouble (463 bytes)
Total: 1

VM state: not at safepoint (normal execution)

VM Mutex/Monitor currently owned by a thread: None

Heap address: 0x00000000c0e00000, size: 1010 MB, Compressed Oops mode: 32-bit

CDS archive(s) mapped at: [0x000001a41d000000-0x000001a41dd10000-0x000001a41dd10000), size 13697024, SharedBaseAddress: 0x000001a41d000000, ArchiveRelocationMode: 1.
Compressed class space mapped at: 0x000001a41e000000-0x000001a45e000000, reserved size: 1073741824
Narrow klass base: 0x000001a41d000000, Narrow klass shift: 0, Narrow klass range: 0x100000000

GC Precious Log:
 CardTable entry size: 512
 Card Set container configuration: InlinePtr #cards 5 size 8 Array Of Cards #cards 12 size 40 Howl #buckets 4 coarsen threshold 1843 Howl Bitmap #cards 512 size 80 coarsen threshold 460 Card regions per heap region 1 cards per card region 2048
 CPUs: 4 total, 4 available
 Memory: 4036M
 Large Page Support: Disabled
 NUMA Support: Disabled
 Compressed Oops: Enabled (32-bit)
 Heap Region Size: 1M
 Heap Min Capacity: 8M
 Heap Initial Capacity: 64M
 Heap Max Capacity: 1010M
 Pre-touch: Disabled
 Parallel Workers: 4
 Concurrent Workers: 1
 Concurrent Refinement Workers: 4
 Periodic GC: Disabled

Heap:
 garbage-first heap   total 65536K, used 3376K [0x00000000c0e00000, 0x0000000100000000)
  region size 1024K, 4 young (4096K), 2 survivors (2048K)
 Metaspace       used 8775K, committed 9024K, reserved 1114112K
  class space    used 1008K, committed 1152K, reserved 1048576K

Heap Regions: E=young(eden), S=young(survivor), O=old, HS=humongous(starts), HC=humongous(continues), CS=collection set, F=free, TAMS=top-at-mark-start, PB=parsable bottom
|   0|0x00000000c0e00000, 0x00000000c0e4c000, 0x00000000c0f00000| 29%| O|  |TAMS 0x00000000c0e00000| PB 0x00000000c0e00000| Untracked 
|   1|0x00000000c0f00000, 0x00000000c0f00000, 0x00000000c1000000|  0%| F|  |TAMS 0x00000000c0f00000| PB 0x00000000c0f00000| Untracked 
|   2|0x00000000c1000000, 0x00000000c1000000, 0x00000000c1100000|  0%| F|  |TAMS 0x00000000c1000000| PB 0x00000000c1000000| Untracked 
|   3|0x00000000c1100000, 0x00000000c1100000, 0x00000000c1200000|  0%| F|  |TAMS 0x00000000c1100000| PB 0x00000000c1100000| Untracked 
|   4|0x00000000c1200000, 0x00000000c1200000, 0x00000000c1300000|  0%| F|  |TAMS 0x00000000c1200000| PB 0x00000000c1200000| Untracked 
|   5|0x00000000c1300000, 0x00000000c1300000, 0x00000000c1400000|  0%| F|  |TAMS 0x00000000c1300000| PB 0x00000000c1300000| Untracked 
|   6|0x00000000c1400000, 0x00000000c1400000, 0x00000000c1500000|  0%| F|  |TAMS 0x00000000c1400000| PB 0x00000000c1400000| Untracked 
|   7|0x00000000c1500000, 0x00000000c1500000, 0x00000000c1600000|  0%| F|  |TAMS 0x00000000c1500000| PB 0x00000000c1500000| Untracked 
|   8|0x00000000c1600000, 0x00000000c1600000, 0x00000000c1700000|  0%| F|  |TAMS 0x00000000c1600000| PB 0x00000000c1600000| Untracked 
|   9|0x00000000c1700000, 0x00000000c1700000, 0x00000000c1800000|  0%| F|  |TAMS 0x00000000c1700000| PB 0x00000000c1700000| Untracked 
|  10|0x00000000c1800000, 0x00000000c1800000, 0x00000000c1900000|  0%| F|  |TAMS 0x00000000c1800000| PB 0x00000000c1800000| Untracked 
|  11|0x00000000c1900000, 0x00000000c1900000, 0x00000000c1a00000|  0%| F|  |TAMS 0x00000000c1900000| PB 0x00000000c1900000| Untracked 
|  12|0x00000000c1a00000, 0x00000000c1a00000, 0x00000000c1b00000|  0%| F|  |TAMS 0x00000000c1a00000| PB 0x00000000c1a00000| Untracked 
|  13|0x00000000c1b00000, 0x00000000c1b00000, 0x00000000c1c00000|  0%| F|  |TAMS 0x00000000c1b00000| PB 0x00000000c1b00000| Untracked 
|  14|0x00000000c1c00000, 0x00000000c1c00000, 0x00000000c1d00000|  0%| F|  |TAMS 0x00000000c1c00000| PB 0x00000000c1c00000| Untracked 
|  15|0x00000000c1d00000, 0x00000000c1d00000, 0x00000000c1e00000|  0%| F|  |TAMS 0x00000000c1d00000| PB 0x00000000c1d00000| Untracked 
|  16|0x00000000c1e00000, 0x00000000c1e00000, 0x00000000c1f00000|  0%| F|  |TAMS 0x00000000c1e00000| PB 0x00000000c1e00000| Untracked 
|  17|0x00000000c1f00000, 0x00000000c1f00000, 0x00000000c2000000|  0%| F|  |TAMS 0x00000000c1f00000| PB 0x00000000c1f00000| Untracked 
|  18|0x00000000c2000000, 0x00000000c2000000, 0x00000000c2100000|  0%| F|  |TAMS 0x00000000c2000000| PB 0x00000000c2000000| Untracked 
|  19|0x00000000c2100000, 0x00000000c2100000, 0x00000000c2200000|  0%| F|  |TAMS 0x00000000c2100000| PB 0x00000000c2100000| Untracked 
|  20|0x00000000c2200000, 0x00000000c2200000, 0x00000000c2300000|  0%| F|  |TAMS 0x00000000c2200000| PB 0x00000000c2200000| Untracked 
|  21|0x00000000c2300000, 0x00000000c2300000, 0x00000000c2400000|  0%| F|  |TAMS 0x00000000c2300000| PB 0x00000000c2300000| Untracked 
|  22|0x00000000c2400000, 0x00000000c2400000, 0x00000000c2500000|  0%| F|  |TAMS 0x00000000c2400000| PB 0x00000000c2400000| Untracked 
|  23|0x00000000c2500000, 0x00000000c2500000, 0x00000000c2600000|  0%| F|  |TAMS 0x00000000c2500000| PB 0x00000000c2500000| Untracked 
|  24|0x00000000c2600000, 0x00000000c2600000, 0x00000000c2700000|  0%| F|  |TAMS 0x00000000c2600000| PB 0x00000000c2600000| Untracked 
|  25|0x00000000c2700000, 0x00000000c2700000, 0x00000000c2800000|  0%| F|  |TAMS 0x00000000c2700000| PB 0x00000000c2700000| Untracked 
|  26|0x00000000c2800000, 0x00000000c2800000, 0x00000000c2900000|  0%| F|  |TAMS 0x00000000c2800000| PB 0x00000000c2800000| Untracked 
|  27|0x00000000c2900000, 0x00000000c2900000, 0x00000000c2a00000|  0%| F|  |TAMS 0x00000000c2900000| PB 0x00000000c2900000| Untracked 
|  28|0x00000000c2a00000, 0x00000000c2a00000, 0x00000000c2b00000|  0%| F|  |TAMS 0x00000000c2a00000| PB 0x00000000c2a00000| Untracked 
|  29|0x00000000c2b00000, 0x00000000c2b00000, 0x00000000c2c00000|  0%| F|  |TAMS 0x00000000c2b00000| PB 0x00000000c2b00000| Untracked 
|  30|0x00000000c2c00000, 0x00000000c2c00000, 0x00000000c2d00000|  0%| F|  |TAMS 0x00000000c2c00000| PB 0x00000000c2c00000| Untracked 
|  31|0x00000000c2d00000, 0x00000000c2d00000, 0x00000000c2e00000|  0%| F|  |TAMS 0x00000000c2d00000| PB 0x00000000c2d00000| Untracked 
|  32|0x00000000c2e00000, 0x00000000c2e00000, 0x00000000c2f00000|  0%| F|  |TAMS 0x00000000c2e00000| PB 0x00000000c2e00000| Untracked 
|  33|0x00000000c2f00000, 0x00000000c2f00000, 0x00000000c3000000|  0%| F|  |TAMS 0x00000000c2f00000| PB 0x00000000c2f00000| Untracked 
|  34|0x00000000c3000000, 0x00000000c3000000, 0x00000000c3100000|  0%| F|  |TAMS 0x00000000c3000000| PB 0x00000000c3000000| Untracked 
|  35|0x00000000c3100000, 0x00000000c3100000, 0x00000000c3200000|  0%| F|  |TAMS 0x00000000c3100000| PB 0x00000000c3100000| Untracked 
|  36|0x00000000c3200000, 0x00000000c3200000, 0x00000000c3300000|  0%| F|  |TAMS 0x00000000c3200000| PB 0x00000000c3200000| Untracked 
|  37|0x00000000c3300000, 0x00000000c3300000, 0x00000000c3400000|  0%| F|  |TAMS 0x00000000c3300000| PB 0x00000000c3300000| Untracked 
|  38|0x00000000c3400000, 0x00000000c3400000, 0x00000000c3500000|  0%| F|  |TAMS 0x00000000c3400000| PB 0x00000000c3400000| Untracked 
|  39|0x00000000c3500000, 0x00000000c3500000, 0x00000000c3600000|  0%| F|  |TAMS 0x00000000c3500000| PB 0x00000000c3500000| Untracked 
|  40|0x00000000c3600000, 0x00000000c3600000, 0x00000000c3700000|  0%| F|  |TAMS 0x00000000c3600000| PB 0x00000000c3600000| Untracked 
|  41|0x00000000c3700000, 0x00000000c3700000, 0x00000000c3800000|  0%| F|  |TAMS 0x00000000c3700000| PB 0x00000000c3700000| Untracked 
|  42|0x00000000c3800000, 0x00000000c3800000, 0x00000000c3900000|  0%| F|  |TAMS 0x00000000c3800000| PB 0x00000000c3800000| Untracked 
|  43|0x00000000c3900000, 0x00000000c3900000, 0x00000000c3a00000|  0%| F|  |TAMS 0x00000000c3900000| PB 0x00000000c3900000| Untracked 
|  44|0x00000000c3a00000, 0x00000000c3a00000, 0x00000000c3b00000|  0%| F|  |TAMS 0x00000000c3a00000| PB 0x00000000c3a00000| Untracked 
|  45|0x00000000c3b00000, 0x00000000c3b00000, 0x00000000c3c00000|  0%| F|  |TAMS 0x00000000c3b00000| PB 0x00000000c3b00000| Untracked 
|  46|0x00000000c3c00000, 0x00000000c3c00000, 0x00000000c3d00000|  0%| F|  |TAMS 0x00000000c3c00000| PB 0x00000000c3c00000| Untracked 
|  47|0x00000000c3d00000, 0x00000000c3d00000, 0x00000000c3e00000|  0%| F|  |TAMS 0x00000000c3d00000| PB 0x00000000c3d00000| Untracked 
|  48|0x00000000c3e00000, 0x00000000c3e00000, 0x00000000c3f00000|  0%| F|  |TAMS 0x00000000c3e00000| PB 0x00000000c3e00000| Untracked 
|  49|0x00000000c3f00000, 0x00000000c4000000, 0x00000000c4000000|100%| S|CS|TAMS 0x00000000c3f00000| PB 0x00000000c3f00000| Complete 
|  50|0x00000000c4000000, 0x00000000c4100000, 0x00000000c4100000|100%| S|CS|TAMS 0x00000000c4000000| PB 0x00000000c4000000| Complete 
|  51|0x00000000c4100000, 0x00000000c4100000, 0x00000000c4200000|  0%| F|  |TAMS 0x00000000c4100000| PB 0x00000000c4100000| Untracked 
|  52|0x00000000c4200000, 0x00000000c4200000, 0x00000000c4300000|  0%| F|  |TAMS 0x00000000c4200000| PB 0x00000000c4200000| Untracked 
|  53|0x00000000c4300000, 0x00000000c4300000, 0x00000000c4400000|  0%| F|  |TAMS 0x00000000c4300000| PB 0x00000000c4300000| Untracked 
|  54|0x00000000c4400000, 0x00000000c4400000, 0x00000000c4500000|  0%| F|  |TAMS 0x00000000c4400000| PB 0x00000000c4400000| Untracked 
|  55|0x00000000c4500000, 0x00000000c4500000, 0x00000000c4600000|  0%| F|  |TAMS 0x00000000c4500000| PB 0x00000000c4500000| Untracked 
|  56|0x00000000c4600000, 0x00000000c4600000, 0x00000000c4700000|  0%| F|  |TAMS 0x00000000c4600000| PB 0x00000000c4600000| Untracked 
|  57|0x00000000c4700000, 0x00000000c4700000, 0x00000000c4800000|  0%| F|  |TAMS 0x00000000c4700000| PB 0x00000000c4700000| Untracked 
|  58|0x00000000c4800000, 0x00000000c4800000, 0x00000000c4900000|  0%| F|  |TAMS 0x00000000c4800000| PB 0x00000000c4800000| Untracked 
|  59|0x00000000c4900000, 0x00000000c4900000, 0x00000000c4a00000|  0%| F|  |TAMS 0x00000000c4900000| PB 0x00000000c4900000| Untracked 
|  60|0x00000000c4a00000, 0x00000000c4a00000, 0x00000000c4b00000|  0%| F|  |TAMS 0x00000000c4a00000| PB 0x00000000c4a00000| Untracked 
|  61|0x00000000c4b00000, 0x00000000c4b00000, 0x00000000c4c00000|  0%| F|  |TAMS 0x00000000c4b00000| PB 0x00000000c4b00000| Untracked 
|  62|0x00000000c4c00000, 0x00000000c4c5e138, 0x00000000c4d00000| 36%| E|  |TAMS 0x00000000c4c00000| PB 0x00000000c4c00000| Complete 
|  63|0x00000000c4d00000, 0x00000000c4e00000, 0x00000000c4e00000|100%| E|CS|TAMS 0x00000000c4d00000| PB 0x00000000c4d00000| Complete 

Card table byte_map: [0x000001a419a50000,0x000001a419c50000] _byte_map_base: 0x000001a419449000

Marking Bits: (CMBitMap*) 0x000001a406833cf0
 Bits: [0x000001a419c50000, 0x000001a41ac18000)

Polling page: 0x000001a4045d0000

Metaspace:

Usage:
  Non-class:      7.59 MB used.
      Class:   1009.21 KB used.
       Both:      8.57 MB used.

Virtual space:
  Non-class space:       64.00 MB reserved,       7.69 MB ( 12%) committed,  1 nodes.
      Class space:        1.00 GB reserved,       1.12 MB ( <1%) committed,  1 nodes.
             Both:        1.06 GB reserved,       8.81 MB ( <1%) committed. 

Chunk freelists:
   Non-Class:  8.12 MB
       Class:  14.73 MB
        Both:  22.86 MB

MaxMetaspaceSize: unlimited
CompressedClassSpaceSize: 1.00 GB
Initial GC threshold: 21.00 MB
Current GC threshold: 21.00 MB
CDS: on
 - commit_granule_bytes: 65536.
 - commit_granule_words: 8192.
 - virtual_space_node_default_size: 8388608.
 - enlarge_chunks_in_place: 1.
 - use_allocation_guard: 0.


Internal statistics:

num_allocs_failed_limit: 0.
num_arena_births: 228.
num_arena_deaths: 0.
num_vsnodes_births: 2.
num_vsnodes_deaths: 0.
num_space_committed: 141.
num_space_uncommitted: 0.
num_chunks_returned_to_freelist: 0.
num_chunks_taken_from_freelist: 366.
num_chunk_merges: 0.
num_chunk_splits: 222.
num_chunks_enlarged: 116.
num_inconsistent_stats: 0.

CodeHeap 'non-profiled nmethods': size=120000Kb used=395Kb max_used=395Kb free=119604Kb
 bounds [0x000001a412320000, 0x000001a412590000, 0x000001a419850000]
CodeHeap 'profiled nmethods': size=120000Kb used=1722Kb max_used=1722Kb free=118277Kb
 bounds [0x000001a40a850000, 0x000001a40aac0000, 0x000001a411d80000]
CodeHeap 'non-nmethods': size=5760Kb used=1428Kb max_used=1442Kb free=4332Kb
 bounds [0x000001a411d80000, 0x000001a411ff0000, 0x000001a412320000]
 total_blobs=1626 nmethods=1111 adapters=420
 compilation: enabled
              stopped_count=0, restarted_count=0
 full_count=0

Compilation events (20 events):
Event: 1.024 Thread 0x000001a45e1400c0 1086       3       java.lang.invoke.MemberName::changeReferenceKind (46 bytes)
Event: 1.025 Thread 0x000001a45e1400c0 nmethod 1086 0x000001a40a9e9f90 code [0x000001a40a9ea120, 0x000001a40a9ea250]
Event: 1.025 Thread 0x000001a45e13b750 1087       4       jdk.internal.org.objectweb.asm.SymbolTable::addConstantUtf8 (98 bytes)
Event: 1.027 Thread 0x000001a45e1400c0 1088       3       java.lang.Boolean::valueOf (14 bytes)
Event: 1.027 Thread 0x000001a45e1400c0 nmethod 1088 0x000001a40a9ea310 code [0x000001a40a9ea4c0, 0x000001a40a9ea628]
Event: 1.030 Thread 0x000001a45e1400c0 1089       3       java.lang.invoke.MethodHandles$Lookup::resolveOrFail (48 bytes)
Event: 1.031 Thread 0x000001a45e1400c0 nmethod 1089 0x000001a40a9ea690 code [0x000001a40a9ea8e0, 0x000001a40a9eaf90]
Event: 1.031 Thread 0x000001a45e1400c0 1090       3       java.lang.invoke.MethodHandles$Lookup::checkMethodName (45 bytes)
Event: 1.031 Thread 0x000001a45e1400c0 nmethod 1090 0x000001a40a9eb290 code [0x000001a40a9eb4e0, 0x000001a40a9ebba8]
Event: 1.032 Thread 0x000001a45e1400c0 1091       3       sun.security.ec.XECOperations::bitAt (23 bytes)
Event: 1.032 Thread 0x000001a45e1400c0 nmethod 1091 0x000001a40a9ebe90 code [0x000001a40a9ec040, 0x000001a40a9ec1d8]
Event: 1.032 Thread 0x000001a45e1400c0 1092       3       sun.security.util.math.intpoly.IntegerPolynomial25519::reduce (40 bytes)
Event: 1.032 Thread 0x000001a45e1400c0 nmethod 1092 0x000001a40a9ec310 code [0x000001a40a9ec4e0, 0x000001a40a9ec7e0]
Event: 1.032 Thread 0x000001a45e1400c0 1093       3       sun.security.util.math.intpoly.IntegerPolynomial25519::carryReduce (391 bytes)
Event: 1.033 Thread 0x000001a45e1400c0 nmethod 1093 0x000001a40a9ec990 code [0x000001a40a9ecb40, 0x000001a40a9ecfa0]
Event: 1.037 Thread 0x000001a45e1400c0 1097       3       jdk.internal.misc.Unsafe::putIntUnaligned (79 bytes)
Event: 1.038 Thread 0x000001a45e1400c0 nmethod 1097 0x000001a40a9ed190 code [0x000001a40a9ed360, 0x000001a40a9ed6f0]
Event: 1.039 Thread 0x000001a45e1400c0 1098       3       jdk.internal.misc.Unsafe::putIntUnaligned (14 bytes)
Event: 1.039 Thread 0x000001a45e1400c0 nmethod 1098 0x000001a40a9ed810 code [0x000001a40a9ed9c0, 0x000001a40a9edc00]
Event: 1.044 Thread 0x000001a45e1400c0 1099       3       sun.security.provider.ByteArrayAccess::b2iBig64 (231 bytes)

GC Heap History (2 events):
Event: 0.894 GC heap before
{Heap before GC invocations=0 (full 0):
 garbage-first heap   total 65536K, used 13312K [0x00000000c0e00000, 0x0000000100000000)
  region size 1024K, 13 young (13312K), 0 survivors (0K)
 Metaspace       used 7945K, committed 8256K, reserved 1114112K
  class space    used 909K, committed 1024K, reserved 1048576K
}
Event: 0.906 GC heap after
{Heap after GC invocations=1 (full 0):
 garbage-first heap   total 65536K, used 2352K [0x00000000c0e00000, 0x0000000100000000)
  region size 1024K, 2 young (2048K), 2 survivors (2048K)
 Metaspace       used 7945K, committed 8256K, reserved 1114112K
  class space    used 909K, committed 1024K, reserved 1048576K
}

Dll operation events (2 events):
Event: 0.014 Loaded shared library C:\Users\WFSYSTEM\AppData\Local\Programs\IntelliJ IDEA Ultimate 2025.1.4.1\jbr\bin\java.dll
Event: 0.089 Loaded shared library C:\Users\WFSYSTEM\AppData\Local\Programs\IntelliJ IDEA Ultimate 2025.1.4.1\jbr\bin\zip.dll

Deoptimization events (20 events):
Event: 1.032 Thread 0x000001a4630f9820 Uncommon trap: trap_request=0xffffff66 fr.pc=0x000001a41237a278 relative=0x0000000000000318
Event: 1.032 Thread 0x000001a4630f9820 Uncommon trap: reason=speculate_class_check action=maybe_recompile pc=0x000001a41237a278 method=sun.security.util.math.intpoly.IntegerPolynomial.multByInt([JJ)V @ 26 c2
Event: 1.032 Thread 0x000001a4630f9820 DEOPT PACKING pc=0x000001a41237a278 sp=0x00000087c84fe760
Event: 1.032 Thread 0x000001a4630f9820 DEOPT UNPACKING pc=0x000001a411dd46a2 sp=0x00000087c84fe6a0 mode 2
Event: 1.032 Thread 0x000001a4630f9820 Uncommon trap: trap_request=0xffffffde fr.pc=0x000001a412374628 relative=0x0000000000000268
Event: 1.032 Thread 0x000001a4630f9820 Uncommon trap: reason=class_check action=maybe_recompile pc=0x000001a412374628 method=sun.security.util.math.intpoly.IntegerPolynomial.multByInt([JJ)V @ 26 c2
Event: 1.032 Thread 0x000001a4630f9820 DEOPT PACKING pc=0x000001a412374628 sp=0x00000087c84fe6d0
Event: 1.032 Thread 0x000001a4630f9820 DEOPT UNPACKING pc=0x000001a411dd46a2 sp=0x00000087c84fe6a0 mode 2
Event: 1.032 Thread 0x000001a4630f9820 Uncommon trap: trap_request=0xffffffde fr.pc=0x000001a412374628 relative=0x0000000000000268
Event: 1.032 Thread 0x000001a4630f9820 Uncommon trap: reason=class_check action=maybe_recompile pc=0x000001a412374628 method=sun.security.util.math.intpoly.IntegerPolynomial.multByInt([JJ)V @ 26 c2
Event: 1.032 Thread 0x000001a4630f9820 DEOPT PACKING pc=0x000001a412374628 sp=0x00000087c84fe6d0
Event: 1.032 Thread 0x000001a4630f9820 DEOPT UNPACKING pc=0x000001a411dd46a2 sp=0x00000087c84fe6a0 mode 2
Event: 1.032 Thread 0x000001a4630f9820 Uncommon trap: trap_request=0xffffffde fr.pc=0x000001a412374628 relative=0x0000000000000268
Event: 1.032 Thread 0x000001a4630f9820 Uncommon trap: reason=class_check action=maybe_recompile pc=0x000001a412374628 method=sun.security.util.math.intpoly.IntegerPolynomial.multByInt([JJ)V @ 26 c2
Event: 1.032 Thread 0x000001a4630f9820 DEOPT PACKING pc=0x000001a412374628 sp=0x00000087c84fe6d0
Event: 1.032 Thread 0x000001a4630f9820 DEOPT UNPACKING pc=0x000001a411dd46a2 sp=0x00000087c84fe6a0 mode 2
Event: 1.032 Thread 0x000001a4630f9820 Uncommon trap: trap_request=0xffffffde fr.pc=0x000001a412374628 relative=0x0000000000000268
Event: 1.032 Thread 0x000001a4630f9820 Uncommon trap: reason=class_check action=maybe_recompile pc=0x000001a412374628 method=sun.security.util.math.intpoly.IntegerPolynomial.multByInt([JJ)V @ 26 c2
Event: 1.032 Thread 0x000001a4630f9820 DEOPT PACKING pc=0x000001a412374628 sp=0x00000087c84fe6d0
Event: 1.032 Thread 0x000001a4630f9820 DEOPT UNPACKING pc=0x000001a411dd46a2 sp=0x00000087c84fe6a0 mode 2

Classes loaded (20 events):
Event: 1.041 Loading class sun/security/ssl/SSLTrafficKeyDerivation$T13TrafficKeyDerivation
Event: 1.041 Loading class sun/security/ssl/SSLTrafficKeyDerivation$T13TrafficKeyDerivation done
Event: 1.041 Loading class sun/security/ssl/SSLTrafficKeyDerivation$KeySchedule
Event: 1.041 Loading class sun/security/ssl/SSLTrafficKeyDerivation$KeySchedule done
Event: 1.042 Loading class javax/crypto/spec/IvParameterSpec
Event: 1.043 Loading class javax/crypto/spec/IvParameterSpec done
Event: 1.043 Loading class sun/security/ssl/Authenticator$TLS13Authenticator
Event: 1.043 Loading class sun/security/ssl/Authenticator$TLS13Authenticator done
Event: 1.043 Loading class sun/security/ssl/SSLCipher$T13GcmReadCipherGenerator$GcmReadCipher
Event: 1.043 Loading class sun/security/ssl/SSLCipher$T13GcmReadCipherGenerator$GcmReadCipher done
Event: 1.044 Loading class sun/security/ssl/SSLCipher$T13GcmWriteCipherGenerator$GcmWriteCipher
Event: 1.044 Loading class sun/security/ssl/SSLCipher$T13GcmWriteCipherGenerator$GcmWriteCipher done
Event: 1.045 Loading class sun/security/ssl/ChangeCipherSpec
Event: 1.045 Loading class sun/security/ssl/ChangeCipherSpec done
Event: 1.045 Loading class sun/security/ssl/ChangeCipherSpec$T10ChangeCipherSpecConsumer
Event: 1.045 Loading class sun/security/ssl/ChangeCipherSpec$T10ChangeCipherSpecConsumer done
Event: 1.045 Loading class sun/security/ssl/ChangeCipherSpec$T10ChangeCipherSpecProducer
Event: 1.045 Loading class sun/security/ssl/ChangeCipherSpec$T10ChangeCipherSpecProducer done
Event: 1.045 Loading class sun/security/ssl/ChangeCipherSpec$T13ChangeCipherSpecConsumer
Event: 1.045 Loading class sun/security/ssl/ChangeCipherSpec$T13ChangeCipherSpecConsumer done

Classes unloaded (0 events):
No events

Classes redefined (0 events):
No events

Internal exceptions (20 events):
Event: 0.478 Thread 0x000001a4067fd630 Exception <a 'java/lang/NoSuchMethodError'{0x00000000c48b2ac0}: 'int java.lang.invoke.DirectMethodHandle$Holder.invokeStaticInit(java.lang.Object, long, long)'> (0x00000000c48b2ac0) 
thrown [s\src\hotspot\share\interpreter\linkResolver.cpp, line 784]
Event: 0.479 Thread 0x000001a4067fd630 Exception <a 'java/lang/NoSuchMethodError'{0x00000000c48b9558}: 'int java.lang.invoke.DirectMethodHandle$Holder.invokeStaticInit(java.lang.Object, float, float)'> (0x00000000c48b9558) 
thrown [s\src\hotspot\share\interpreter\linkResolver.cpp, line 784]
Event: 0.480 Thread 0x000001a4067fd630 Exception <a 'java/lang/NoSuchMethodError'{0x00000000c48bffe8}: 'int java.lang.invoke.DirectMethodHandle$Holder.invokeStaticInit(java.lang.Object, double, double)'> (0x00000000c48bffe8) 
thrown [s\src\hotspot\share\interpreter\linkResolver.cpp, line 784]
Event: 0.481 Thread 0x000001a4067fd630 Exception <a 'java/lang/NoSuchMethodError'{0x00000000c48c4670}: 'int java.lang.invoke.DirectMethodHandle$Holder.invokeStatic(java.lang.Object, long)'> (0x00000000c48c4670) 
thrown [s\src\hotspot\share\interpreter\linkResolver.cpp, line 784]
Event: 0.491 Thread 0x000001a4067fd630 Exception <a 'java/lang/NoSuchMethodError'{0x00000000c48ee428}: 'java.lang.Object java.lang.invoke.DirectMethodHandle$Holder.invokeSpecial(java.lang.Object, java.lang.Object, int, java.lang.Object, java.lang.Object)'> (0x00000000c48ee428) 
thrown [s\src\hotspot\share\interpreter\linkResolver.cpp, line 784]
Event: 0.492 Thread 0x000001a4067fd630 Exception <a 'java/lang/NoSuchMethodError'{0x00000000c48f1db8}: 'java.lang.Object java.lang.invoke.DelegatingMethodHandle$Holder.delegate(java.lang.Object, int, java.lang.Object, java.lang.Object)'> (0x00000000c48f1db8) 
thrown [s\src\hotspot\share\interpreter\linkResolver.cpp, line 784]
Event: 0.496 Thread 0x000001a4067fd630 Exception <a 'java/lang/NoSuchMethodError'{0x00000000c4701328}: 'int java.lang.invoke.Invokers$Holder.linkToTargetMethod(java.lang.Object, java.lang.Object, java.lang.Object)'> (0x00000000c4701328) 
thrown [s\src\hotspot\share\interpreter\linkResolver.cpp, line 784]
Event: 0.505 Thread 0x000001a4067fd630 Exception <a 'java/lang/NoSuchMethodError'{0x00000000c47330d0}: 'long java.lang.invoke.DirectMethodHandle$Holder.invokeSpecial(java.lang.Object, java.lang.Object)'> (0x00000000c47330d0) 
thrown [s\src\hotspot\share\interpreter\linkResolver.cpp, line 784]
Event: 0.507 Thread 0x000001a4067fd630 Exception <a 'java/lang/NoSuchMethodError'{0x00000000c47399a0}: 'int java.lang.invoke.DirectMethodHandle$Holder.invokeStatic(java.lang.Object, java.lang.Object, java.lang.Object, java.lang.Object)'> (0x00000000c47399a0) 
thrown [s\src\hotspot\share\interpreter\linkResolver.cpp, line 784]
Event: 0.508 Thread 0x000001a4067fd630 Exception <a 'java/lang/NoSuchMethodError'{0x00000000c473cdc0}: 'java.lang.Object java.lang.invoke.Invokers$Holder.invokeExact_MT(java.lang.Object, java.lang.Object, java.lang.Object, java.lang.Object, java.lang.Object, java.lang.Object)'> (0x00000000c473cdc0) 
thrown [s\src\hotspot\share\interpreter\linkResolver.cpp, line 784]
Event: 0.653 Thread 0x000001a4067fd630 Exception <a 'java/lang/NoSuchMethodError'{0x00000000c453c598}: 'java.lang.Object java.lang.invoke.DirectMethodHandle$Holder.newInvokeSpecial(java.lang.Object, java.lang.Object, java.lang.Object, java.lang.Object, java.lang.Object)'> (0x00000000c453c598) 
thrown [s\src\hotspot\share\interpreter\linkResolver.cpp, line 784]
Event: 0.704 Thread 0x000001a4067fd630 Exception <a 'java/lang/NoSuchMethodError'{0x00000000c4307e58}: 'java.lang.Object java.lang.invoke.DirectMethodHandle$Holder.invokeSpecial(java.lang.Object, java.lang.Object, java.lang.Object, java.lang.Object, int)'> (0x00000000c4307e58) 
thrown [s\src\hotspot\share\interpreter\linkResolver.cpp, line 784]
Event: 0.704 Thread 0x000001a4067fd630 Exception <a 'java/lang/NoSuchMethodError'{0x00000000c430b7c0}: 'java.lang.Object java.lang.invoke.Invokers$Holder.linkToTargetMethod(java.lang.Object, java.lang.Object, int, java.lang.Object)'> (0x00000000c430b7c0) 
thrown [s\src\hotspot\share\interpreter\linkResolver.cpp, line 784]
Event: 0.714 Thread 0x000001a4067fd630 Exception <a 'java/lang/NoSuchMethodError'{0x00000000c4339ab8}: 'void java.lang.invoke.DirectMethodHandle$Holder.invokeSpecial(java.lang.Object, java.lang.Object, java.lang.Object)'> (0x00000000c4339ab8) 
thrown [s\src\hotspot\share\interpreter\linkResolver.cpp, line 784]
Event: 0.734 Thread 0x000001a463014110 Exception <a 'java/lang/NoSuchMethodError'{0x00000000c4564670}: 'void java.lang.invoke.DirectMethodHandle$Holder.invokeStatic(java.lang.Object, java.lang.Object, int)'> (0x00000000c4564670) 
thrown [s\src\hotspot\share\interpreter\linkResolver.cpp, line 784]
Event: 0.740 Thread 0x000001a4067fd630 Exception <a 'java/lang/NoSuchMethodError'{0x00000000c43c99a0}: 'void java.lang.invoke.DirectMethodHandle$Holder.invokeSpecial(java.lang.Object, java.lang.Object, java.lang.Object, java.lang.Object, java.lang.Object)'> (0x00000000c43c99a0) 
thrown [s\src\hotspot\share\interpreter\linkResolver.cpp, line 784]
Event: 0.747 Thread 0x000001a463014110 Exception <a 'java/lang/NoSuchMethodError'{0x00000000c4218808}: 'void java.lang.invoke.DirectMethodHandle$Holder.invokeStatic(java.lang.Object, java.lang.Object)'> (0x00000000c4218808) 
thrown [s\src\hotspot\share\interpreter\linkResolver.cpp, line 784]
Event: 0.750 Thread 0x000001a4630f9820 Exception <a 'java/lang/NoSuchMethodError'{0x00000000c4266a98}: 'void java.lang.invoke.DirectMethodHandle$Holder.invokeInterface(java.lang.Object, java.lang.Object, java.lang.Object)'> (0x00000000c4266a98) 
thrown [s\src\hotspot\share\interpreter\linkResolver.cpp, line 784]
Event: 0.762 Thread 0x000001a4630f9820 Exception <a 'java/lang/NoSuchMethodError'{0x00000000c42b7678}: 'void java.lang.invoke.DirectMethodHandle$Holder.invokeVirtual(java.lang.Object, java.lang.Object)'> (0x00000000c42b7678) 
thrown [s\src\hotspot\share\interpreter\linkResolver.cpp, line 784]
Event: 1.019 Thread 0x000001a4630f9820 Exception <a 'java/lang/NoSuchMethodError'{0x00000000c4db6060}: 'void java.lang.invoke.DirectMethodHandle$Holder.invokeInterface(java.lang.Object, java.lang.Object)'> (0x00000000c4db6060) 
thrown [s\src\hotspot\share\interpreter\linkResolver.cpp, line 784]

ZGC Phase Switch (0 events):
No events

VM Operations (10 events):
Event: 0.111 Executing VM operation: HandshakeAllThreads (Deoptimize)
Event: 0.111 Executing VM operation: HandshakeAllThreads (Deoptimize) done
Event: 0.121 Executing VM operation: HandshakeAllThreads (Deoptimize)
Event: 0.121 Executing VM operation: HandshakeAllThreads (Deoptimize) done
Event: 0.366 Executing VM operation: HandshakeAllThreads (Deoptimize)
Event: 0.366 Executing VM operation: HandshakeAllThreads (Deoptimize) done
Event: 0.739 Executing VM operation: HandshakeAllThreads (Deoptimize)
Event: 0.739 Executing VM operation: HandshakeAllThreads (Deoptimize) done
Event: 0.894 Executing VM operation: G1CollectForAllocation (G1 Evacuation Pause)
Event: 0.906 Executing VM operation: G1CollectForAllocation (G1 Evacuation Pause) done

Memory protections (0 events):
No events

Nmethod flushes (0 events):
No events

Events (20 events):
Event: 0.055 Thread 0x000001a4067fd630 Thread added: 0x000001a45e122ff0
Event: 0.055 Thread 0x000001a4067fd630 Thread added: 0x000001a45e125a20
Event: 0.056 Thread 0x000001a4067fd630 Thread added: 0x000001a45e12d650
Event: 0.056 Thread 0x000001a4067fd630 Thread added: 0x000001a45e12e320
Event: 0.056 Thread 0x000001a4067fd630 Thread added: 0x000001a45e131520
Event: 0.056 Thread 0x000001a4067fd630 Thread added: 0x000001a45e132710
Event: 0.056 Thread 0x000001a4067fd630 Thread added: 0x000001a45e13b750
Event: 0.056 Thread 0x000001a4067fd630 Thread added: 0x000001a45e1400c0
Event: 0.088 Thread 0x000001a4067fd630 Thread added: 0x000001a45e3a61e0
Event: 0.092 Thread 0x000001a4067fd630 Thread added: 0x000001a45e3a8e20
Event: 0.096 Loaded shared library C:\Users\WFSYSTEM\AppData\Local\Programs\IntelliJ IDEA Ultimate 2025.1.4.1\jbr\bin\net.dll
Event: 0.099 Loaded shared library C:\Users\WFSYSTEM\AppData\Local\Programs\IntelliJ IDEA Ultimate 2025.1.4.1\jbr\bin\nio.dll
Event: 0.105 Loaded shared library C:\Users\WFSYSTEM\AppData\Local\Programs\IntelliJ IDEA Ultimate 2025.1.4.1\jbr\bin\zip.dll
Event: 0.189 Loaded shared library C:\Users\WFSYSTEM\AppData\Local\Programs\IntelliJ IDEA Ultimate 2025.1.4.1\jbr\bin\jimage.dll
Event: 0.574 Loaded shared library C:\Users\WFSYSTEM\AppData\Local\Programs\IntelliJ IDEA Ultimate 2025.1.4.1\jbr\bin\sunmscapi.dll
Event: 0.636 Loaded shared library C:\Users\WFSYSTEM\AppData\Local\Programs\IntelliJ IDEA Ultimate 2025.1.4.1\jbr\bin\extnet.dll
Event: 0.645 Thread 0x000001a4067fd630 Thread added: 0x000001a463014110
Event: 0.745 Thread 0x000001a463014110 Thread added: 0x000001a4630f9820
Event: 0.773 Thread 0x000001a463014110 Thread added: 0x000001a46317d340
Event: 0.850 Thread 0x000001a45e1400c0 Thread added: 0x000001a45e13e580


Dynamic libraries:
0x00007ff7efd20000 - 0x00007ff7efd2a000 	C:\Users\WFSYSTEM\AppData\Local\Programs\IntelliJ IDEA Ultimate 2025.1.4.1\jbr\bin\java.exe
0x00007ffb91f10000 - 0x00007ffb92108000 	C:\Windows\SYSTEM32\ntdll.dll
0x00007ffb902d0000 - 0x00007ffb90392000 	C:\Windows\System32\KERNEL32.DLL
0x00007ffb8faa0000 - 0x00007ffb8fd96000 	C:\Windows\System32\KERNELBASE.dll
0x00007ffb8f880000 - 0x00007ffb8f980000 	C:\Windows\System32\ucrtbase.dll
0x00007ffb897d0000 - 0x00007ffb897eb000 	C:\Users\WFSYSTEM\AppData\Local\Programs\IntelliJ IDEA Ultimate 2025.1.4.1\jbr\bin\VCRUNTIME140.dll
0x00007ffb83460000 - 0x00007ffb83478000 	C:\Users\WFSYSTEM\AppData\Local\Programs\IntelliJ IDEA Ultimate 2025.1.4.1\jbr\bin\jli.dll
0x00007ffb91600000 - 0x00007ffb9179d000 	C:\Windows\System32\USER32.dll
0x00007ffb8fdf0000 - 0x00007ffb8fe12000 	C:\Windows\System32\win32u.dll
0x00007ffb902a0000 - 0x00007ffb902cb000 	C:\Windows\System32\GDI32.dll
0x00007ffb7e2f0000 - 0x00007ffb7e58a000 	C:\Windows\WinSxS\amd64_microsoft.windows.common-controls_6595b64144ccf1df_6.0.19041.5915_none_60b4b9d171f9c7c7\COMCTL32.dll
0x00007ffb91c80000 - 0x00007ffb91d1e000 	C:\Windows\System32\msvcrt.dll
0x00007ffb8f980000 - 0x00007ffb8fa99000 	C:\Windows\System32\gdi32full.dll
0x00007ffb8f5a0000 - 0x00007ffb8f63d000 	C:\Windows\System32\msvcp_win.dll
0x00007ffb90270000 - 0x00007ffb9029f000 	C:\Windows\System32\IMM32.DLL
0x00007ffb8af00000 - 0x00007ffb8af0c000 	C:\Users\WFSYSTEM\AppData\Local\Programs\IntelliJ IDEA Ultimate 2025.1.4.1\jbr\bin\vcruntime140_1.dll
0x00007ffb67f60000 - 0x00007ffb67fed000 	C:\Users\WFSYSTEM\AppData\Local\Programs\IntelliJ IDEA Ultimate 2025.1.4.1\jbr\bin\msvcp140.dll
0x00007ffb14b80000 - 0x00007ffb15941000 	C:\Users\WFSYSTEM\AppData\Local\Programs\IntelliJ IDEA Ultimate 2025.1.4.1\jbr\bin\server\jvm.dll
0x00007ffb91b60000 - 0x00007ffb91c11000 	C:\Windows\System32\ADVAPI32.dll
0x00007ffb90850000 - 0x00007ffb908ef000 	C:\Windows\System32\sechost.dll
0x00007ffb90720000 - 0x00007ffb90843000 	C:\Windows\System32\RPCRT4.dll
0x00007ffb8f6f0000 - 0x00007ffb8f717000 	C:\Windows\System32\bcrypt.dll
0x00007ffb90590000 - 0x00007ffb905fb000 	C:\Windows\System32\WS2_32.dll
0x00007ffb8f400000 - 0x00007ffb8f44b000 	C:\Windows\SYSTEM32\POWRPROF.dll
0x00007ffb7ba80000 - 0x00007ffb7baa7000 	C:\Windows\SYSTEM32\WINMM.dll
0x00007ffb80940000 - 0x00007ffb8094a000 	C:\Windows\SYSTEM32\VERSION.dll
0x00007ffb8f3e0000 - 0x00007ffb8f3f2000 	C:\Windows\SYSTEM32\UMPDC.dll
0x00007ffb8ddc0000 - 0x00007ffb8ddd2000 	C:\Windows\SYSTEM32\kernel.appcore.dll
0x00007ffb897c0000 - 0x00007ffb897ca000 	C:\Users\WFSYSTEM\AppData\Local\Programs\IntelliJ IDEA Ultimate 2025.1.4.1\jbr\bin\jimage.dll
0x00007ffb805b0000 - 0x00007ffb807b1000 	C:\Windows\SYSTEM32\DBGHELP.DLL
0x00007ffb78df0000 - 0x00007ffb78e24000 	C:\Windows\SYSTEM32\dbgcore.DLL
0x00007ffb8fea0000 - 0x00007ffb8ff22000 	C:\Windows\System32\bcryptPrimitives.dll
0x00007ffb89480000 - 0x00007ffb894a0000 	C:\Users\WFSYSTEM\AppData\Local\Programs\IntelliJ IDEA Ultimate 2025.1.4.1\jbr\bin\java.dll
0x00007ffb90e90000 - 0x00007ffb915fe000 	C:\Windows\System32\SHELL32.dll
0x00007ffb8d4e0000 - 0x00007ffb8dc84000 	C:\Windows\SYSTEM32\windows.storage.dll
0x00007ffb91800000 - 0x00007ffb91b53000 	C:\Windows\System32\combase.dll
0x00007ffb8ef00000 - 0x00007ffb8ef2b000 	C:\Windows\SYSTEM32\Wldp.dll
0x00007ffb901a0000 - 0x00007ffb9026d000 	C:\Windows\System32\OLEAUT32.dll
0x00007ffb904e0000 - 0x00007ffb9058d000 	C:\Windows\System32\SHCORE.dll
0x00007ffb91c20000 - 0x00007ffb91c7b000 	C:\Windows\System32\shlwapi.dll
0x00007ffb8f4d0000 - 0x00007ffb8f4f4000 	C:\Windows\SYSTEM32\profapi.dll
0x00007ffb795b0000 - 0x00007ffb795c8000 	C:\Users\WFSYSTEM\AppData\Local\Programs\IntelliJ IDEA Ultimate 2025.1.4.1\jbr\bin\zip.dll
0x00007ffb893e0000 - 0x00007ffb893f0000 	C:\Users\WFSYSTEM\AppData\Local\Programs\IntelliJ IDEA Ultimate 2025.1.4.1\jbr\bin\net.dll
0x00007ffb86150000 - 0x00007ffb8625a000 	C:\Windows\SYSTEM32\WINHTTP.dll
0x00007ffb8ec60000 - 0x00007ffb8ecca000 	C:\Windows\system32\mswsock.dll
0x00007ffb794e0000 - 0x00007ffb794f6000 	C:\Users\WFSYSTEM\AppData\Local\Programs\IntelliJ IDEA Ultimate 2025.1.4.1\jbr\bin\nio.dll
0x00007ffb8ee60000 - 0x00007ffb8ee78000 	C:\Windows\SYSTEM32\CRYPTSP.dll
0x00007ffb8e580000 - 0x00007ffb8e5b8000 	C:\Windows\system32\rsaenh.dll
0x00007ffb8f450000 - 0x00007ffb8f47e000 	C:\Windows\SYSTEM32\USERENV.dll
0x00007ffb8ee50000 - 0x00007ffb8ee5c000 	C:\Windows\SYSTEM32\CRYPTBASE.dll
0x00007ffb8e940000 - 0x00007ffb8e97b000 	C:\Windows\SYSTEM32\IPHLPAPI.DLL
0x00007ffb8ffb0000 - 0x00007ffb8ffb8000 	C:\Windows\System32\NSI.dll
0x00007ffb832e0000 - 0x00007ffb832ee000 	C:\Users\WFSYSTEM\AppData\Local\Programs\IntelliJ IDEA Ultimate 2025.1.4.1\jbr\bin\sunmscapi.dll
0x00007ffb8f720000 - 0x00007ffb8f87d000 	C:\Windows\System32\CRYPT32.dll
0x00007ffb8ef70000 - 0x00007ffb8ef97000 	C:\Windows\SYSTEM32\ncrypt.dll
0x00007ffb8ef30000 - 0x00007ffb8ef6b000 	C:\Windows\SYSTEM32\NTASN1.dll
0x00007ffb7d6a0000 - 0x00007ffb7d6a7000 	C:\Windows\system32\wshunix.dll
0x00007ffb7d480000 - 0x00007ffb7d489000 	C:\Users\WFSYSTEM\AppData\Local\Programs\IntelliJ IDEA Ultimate 2025.1.4.1\jbr\bin\extnet.dll

dbghelp: loaded successfully - version: 4.0.5 - missing functions: none
symbol engine: initialized successfully - sym options: 0x614 - pdb path: .;C:\Users\WFSYSTEM\AppData\Local\Programs\IntelliJ IDEA Ultimate 2025.1.4.1\jbr\bin;C:\Windows\SYSTEM32;C:\Windows\WinSxS\amd64_microsoft.windows.common-controls_6595b64144ccf1df_6.0.19041.5915_none_60b4b9d171f9c7c7;C:\Users\WFSYSTEM\AppData\Local\Programs\IntelliJ IDEA Ultimate 2025.1.4.1\jbr\bin\server

VM Arguments:
java_command: git4idea.http.GitAskPassApp Username for 'https://github.com': 
java_class_path (initial): C:/Users/WFSYSTEM/AppData/Local/Programs/IntelliJ IDEA Ultimate 2025.1.4.1/plugins/vcs-git/lib/git4idea-rt.jar;C:/Users/WFSYSTEM/AppData/Local/Programs/IntelliJ IDEA Ultimate 2025.1.4.1/lib/externalProcess-rt.jar
Launcher Type: SUN_STANDARD

[Global flags]
     intx CICompilerCount                          = 3                                         {product} {ergonomic}
     uint ConcGCThreads                            = 1                                         {product} {ergonomic}
     uint G1ConcRefinementThreads                  = 4                                         {product} {ergonomic}
   size_t G1HeapRegionSize                         = 1048576                                   {product} {ergonomic}
    uintx GCDrainStackTargetSize                   = 64                                        {product} {ergonomic}
   size_t InitialHeapSize                          = 67108864                                  {product} {ergonomic}
   size_t MarkStackSize                            = 4194304                                   {product} {ergonomic}
   size_t MaxHeapSize                              = 1059061760                                {product} {ergonomic}
   size_t MaxNewSize                               = 635437056                                 {product} {ergonomic}
   size_t MinHeapDeltaBytes                        = 1048576                                   {product} {ergonomic}
   size_t MinHeapSize                              = 8388608                                   {product} {ergonomic}
    uintx NonNMethodCodeHeapSize                   = 5832780                                {pd product} {ergonomic}
    uintx NonProfiledCodeHeapSize                  = 122912730                              {pd product} {ergonomic}
    uintx ProfiledCodeHeapSize                     = 122912730                              {pd product} {ergonomic}
    uintx ReservedCodeCacheSize                    = 251658240                              {pd product} {ergonomic}
     bool SegmentedCodeCache                       = true                                      {product} {ergonomic}
   size_t SoftMaxHeapSize                          = 1059061760                             {manageable} {ergonomic}
     bool UseCompressedOops                        = true                           {product lp64_product} {ergonomic}
     bool UseG1GC                                  = true                                      {product} {ergonomic}
     bool UseLargePagesIndividualAllocation        = false                                  {pd product} {ergonomic}

Logging:
Log output configuration:
 #0: stdout all=warning uptime,level,tags foldmultilines=false
 #1: stderr all=off uptime,level,tags foldmultilines=false

Environment Variables:
JAVA_HOME=C:\Program Files\Eclipse Adoptium\jdk-17.0.15.6-hotspot
PATH=C:\Program Files\Git\mingw64\libexec\git-core;C:\Program Files\Git\mingw64\libexec\git-core;C:\Program Files\Git\mingw64\bin;C:\Program Files\Git\usr\bin;C:\Users\WFSYSTEM\bin;C:\Program Files (x86)\Common Files\Oracle\Java\java8path;C:\Program Files (x86)\Common Files\Oracle\Java\javapath;C:\Program Files\Eclipse Adoptium\jdk-17.0.15.6-hotspot\bin;C:\Program Files\Eclipse Adoptium\jdk-17.0.15.6-hotspot\bin;C:\Program Files\apache\bin\bin;C:\Program Files\Tailscale;C:\Program Files\PuTTY;C:\Program Files\nodejs;C:\Program Files\Git\cmd;%MAVE_HOME%;C:\Program Files\Apache\bin;C:\Program Files\JetBrains\IntelliJ IDEA Community Edition 2025.1\bin;C:\Users\WFSYSTEM\AppData\Roaming\npm;C:\Users\WFSYSTEM\AppData\Local\Programs\Microsoft VS Code\bin;C:\tizen\tools
USERNAME=WFSYSTEM
DISPLAY=:0.0
LC_ALL=en_US.UTF-8
TERM=xterm-256color
TMPDIR=C:\Users\WFSYSTEM\AppData\Local\Temp
OS=Windows_NT
PROCESSOR_IDENTIFIER=Intel64 Family 6 Model 69 Stepping 1, GenuineIntel
TMP=C:\Users\WFSYSTEM\AppData\Local\Temp
TEMP=C:\Users\WFSYSTEM\AppData\Local\Temp




Periodic native trim disabled

JNI global refs:
JNI global refs: 19, weak refs: 0

JNI global refs memory usage: 835, weak refs: 833

Process memory usage:
Resident Set Size: 81228K (1% of 4133120K total physical memory with 905372K free physical memory)

OOME stack traces (most recent first):
Classloader memory used:
Loader bootstrap                                                                       : 7157K
Loader jdk.internal.loader.ClassLoaders$PlatformClassLoader                            : 1643K
Loader jdk.internal.loader.ClassLoaders$AppClassLoader                                 : 16448B

---------------  S Y S T E M  ---------------

OS:
 Windows 10 , 64 bit Build 19041 (10.0.19041.5915)
OS uptime: 1 days 4:48 hours

CPU: total 4 (initial active 4) (2 cores per cpu, 2 threads per core) family 6 model 69 stepping 1 microcode 0x26, cx8, cmov, fxsr, ht, mmx, sse, sse2, sse3, ssse3, sse4.1, sse4.2, popcnt, lzcnt, tsc, tscinvbit, avx, avx2, aes, erms, clmul, bmi1, bmi2, fma, vzeroupper, clflush, rdtscp, f16c
Processor Information for the first 4 processors :
  Max Mhz: 2001, Current Mhz: 2001, Mhz Limit: 2001

Memory: 4k page, system-wide physical 4036M (884M free)
TotalPageFile size 12228M (AvailPageFile size 4M)
current process WorkingSet (physical memory assigned to process): 79M, peak: 79M
current process commit charge ("private bytes"): 157M, peak: 158M

vm_info: OpenJDK 64-Bit Server VM (21.0.7+9-b895.130) for windows-amd64 JRE (21.0.7+9-b895.130), built on 2025-05-13 by "builduser" with MS VC++ 16.10 / 16.11 (VS2019)

END.
