#
# There is insufficient memory for the Java Runtime Environment to continue.
# Native memory allocation (mmap) failed to map 67108864 bytes. Error detail: G1 virtual space
# Possible reasons:
#   The system is out of physical RAM or swap space
#   This process is running with CompressedOops enabled, and the Java Heap may be blocking the growth of the native heap
# Possible solutions:
#   Reduce memory load on the system
#   Increase physical memory or swap space
#   Check if swap backing store is full
#   Decrease Java heap size (-Xmx/-Xms)
#   Decrease number of Java threads
#   Decrease Java thread stack sizes (-Xss)
#   Set larger code cache with -XX:ReservedCodeCacheSize=
#   JVM is running with Unscaled Compressed Oops mode in which the Java heap is
#     placed in the first 4GB address space. The Java Heap base address is the
#     maximum limit for the native heap growth. Please use -XX:HeapBaseMinAddress
#     to set the Java Heap base and to place the Java Heap above 4GB virtual address.
# This output file may be truncated or incomplete.
#
#  Out of Memory Error (os_windows.cpp:3898), pid=18152, tid=12572
#
# JRE version:  (21.0.7+9) (build )
# Java VM: OpenJDK 64-Bit Server VM (21.0.7+9-b895.130, mixed mode, sharing, tiered, compressed oops, compressed class ptrs, g1 gc, windows-amd64)
# No core dump will be written. Minidumps are not enabled by default on client versions of Windows
#

---------------  S U M M A R Y ------------

Command Line: git4idea.http.GitAskPassApp Username for 'https://github.com': 

Host: Intel(R) Core(TM) i5-4260U CPU @ 1.40GHz, 4 cores, 3G,  Windows 10 , 64 bit Build 19041 (10.0.19041.5915)
Time: Wed Aug  6 16:31:11 2025 Hora est. Pacífico, Sudamérica elapsed time: 0.043843 seconds (0d 0h 0m 0s)

---------------  T H R E A D  ---------------

Current thread (0x0000017a15723890):  JavaThread "Unknown thread" [_thread_in_vm, id=12572, stack(0x00000042f4000000,0x00000042f4100000) (1024K)]

Stack: [0x00000042f4000000,0x00000042f4100000]
Native frames: (J=compiled Java code, j=interpreted, Vv=VM code, C=native code)
V  [jvm.dll+0x6e6049]
V  [jvm.dll+0x8c4343]
V  [jvm.dll+0x8c689e]
V  [jvm.dll+0x8c6f83]
V  [jvm.dll+0x289266]
V  [jvm.dll+0x6e28c5]
V  [jvm.dll+0x6d634a]
V  [jvm.dll+0x36388b]
V  [jvm.dll+0x36b456]
V  [jvm.dll+0x3bd7e6]
V  [jvm.dll+0x3bdab8]
V  [jvm.dll+0x335fdc]
V  [jvm.dll+0x336ccb]
V  [jvm.dll+0x88b7a9]
V  [jvm.dll+0x3ca9b8]
V  [jvm.dll+0x8747f8]
V  [jvm.dll+0x45f3ce]
V  [jvm.dll+0x4610b1]
C  [jli.dll+0x52ab]
C  [ucrtbase.dll+0x21bb2]
C  [KERNEL32.DLL+0x17374]
C  [ntdll.dll+0x4cc91]


---------------  P R O C E S S  ---------------

Threads class SMR info:
_java_thread_list=0x00007ffb157db148, length=0, elements={
}

Java Threads: ( => current thread )
Total: 0

Other Threads:
  0x0000017a15755cc0 WorkerThread "GC Thread#0"                     [id=3384, stack(0x00000042f4100000,0x00000042f4200000) (1024K)]
  0x0000017a1575e790 ConcurrentGCThread "G1 Main Marker"            [id=2948, stack(0x00000042f4200000,0x00000042f4300000) (1024K)]
  0x0000017a1575f1a0 WorkerThread "G1 Conc#0"                       [id=6184, stack(0x00000042f4300000,0x00000042f4400000) (1024K)]

[error occurred during error reporting (printing all threads), id 0xc0000005, EXCEPTION_ACCESS_VIOLATION (0xc0000005) at pc=0x00007ffb14ec90b7]
VM state: not at safepoint (not fully initialized)

VM Mutex/Monitor currently owned by a thread:  ([mutex/lock_event])
[0x00007ffb1584fab8] Heap_lock - owner thread: 0x0000017a15723890

Heap address: 0x00000000c0e00000, size: 1010 MB, Compressed Oops mode: 32-bit

CDS archive(s) mapped at: [0x0000000000000000-0x0000000000000000-0x0000000000000000), size 0, SharedBaseAddress: 0x0000000800000000, ArchiveRelocationMode: 1.
Narrow klass base: 0x0000000000000000, Narrow klass shift: 0, Narrow klass range: 0x0

GC Precious Log:
 CardTable entry size: 512
 Card Set container configuration: InlinePtr #cards 5 size 8 Array Of Cards #cards 12 size 40 Howl #buckets 4 coarsen threshold 1843 Howl Bitmap #cards 512 size 80 coarsen threshold 460 Card regions per heap region 1 cards per card region 2048

Heap:
 garbage-first heap   total 0K, used 0K [0x00000000c0e00000, 0x0000000100000000)
  region size 1024K, 0 young (0K), 0 survivors (0K)
 Metaspace       used 0K, committed 0K, reserved 0K
  class space    used 0K, committed 0K, reserved 0K

Heap Regions: E=young(eden), S=young(survivor), O=old, HS=humongous(starts), HC=humongous(continues), CS=collection set, F=free, TAMS=top-at-mark-start, PB=parsable bottom

Card table byte_map: [0x0000017a28970000,0x0000017a28b70000] _byte_map_base: 0x0000017a28369000

Marking Bits: (CMBitMap*) 0x0000017a15756070
 Bits: [0x0000017a28b70000, 0x0000017a29b38000)

GC Heap History (0 events):
No events

Dll operation events (1 events):
Event: 0.022 Loaded shared library C:\Users\WFSYSTEM\AppData\Local\Programs\IntelliJ IDEA Ultimate 2025.1.4.1\jbr\bin\java.dll

Deoptimization events (0 events):
No events

Classes loaded (0 events):
No events

Classes unloaded (0 events):
No events

Classes redefined (0 events):
No events

Internal exceptions (0 events):
No events

ZGC Phase Switch (0 events):
No events

VM Operations (0 events):
No events

Memory protections (0 events):
No events

Nmethod flushes (0 events):
No events

Events (0 events):
No events


Dynamic libraries:
0x00007ff7e30a0000 - 0x00007ff7e30aa000 	C:\Users\WFSYSTEM\AppData\Local\Programs\IntelliJ IDEA Ultimate 2025.1.4.1\jbr\bin\java.exe
0x00007ffb91f10000 - 0x00007ffb92108000 	C:\Windows\SYSTEM32\ntdll.dll
0x00007ffb902d0000 - 0x00007ffb90392000 	C:\Windows\System32\KERNEL32.DLL
0x00007ffb8faa0000 - 0x00007ffb8fd96000 	C:\Windows\System32\KERNELBASE.dll
0x00007ffb8f880000 - 0x00007ffb8f980000 	C:\Windows\System32\ucrtbase.dll
0x00007ffb89440000 - 0x00007ffb89458000 	C:\Users\WFSYSTEM\AppData\Local\Programs\IntelliJ IDEA Ultimate 2025.1.4.1\jbr\bin\jli.dll
0x00007ffb897d0000 - 0x00007ffb897eb000 	C:\Users\WFSYSTEM\AppData\Local\Programs\IntelliJ IDEA Ultimate 2025.1.4.1\jbr\bin\VCRUNTIME140.dll
0x00007ffb91600000 - 0x00007ffb9179d000 	C:\Windows\System32\USER32.dll
0x00007ffb8fdf0000 - 0x00007ffb8fe12000 	C:\Windows\System32\win32u.dll
0x00007ffb902a0000 - 0x00007ffb902cb000 	C:\Windows\System32\GDI32.dll
0x00007ffb7e2f0000 - 0x00007ffb7e58a000 	C:\Windows\WinSxS\amd64_microsoft.windows.common-controls_6595b64144ccf1df_6.0.19041.5915_none_60b4b9d171f9c7c7\COMCTL32.dll
0x00007ffb91c80000 - 0x00007ffb91d1e000 	C:\Windows\System32\msvcrt.dll
0x00007ffb8f980000 - 0x00007ffb8fa99000 	C:\Windows\System32\gdi32full.dll
0x00007ffb8f5a0000 - 0x00007ffb8f63d000 	C:\Windows\System32\msvcp_win.dll
0x00007ffb90270000 - 0x00007ffb9029f000 	C:\Windows\System32\IMM32.DLL
0x00007ffb8af00000 - 0x00007ffb8af0c000 	C:\Users\WFSYSTEM\AppData\Local\Programs\IntelliJ IDEA Ultimate 2025.1.4.1\jbr\bin\vcruntime140_1.dll
0x00007ffb64d00000 - 0x00007ffb64d8d000 	C:\Users\WFSYSTEM\AppData\Local\Programs\IntelliJ IDEA Ultimate 2025.1.4.1\jbr\bin\msvcp140.dll
0x00007ffb14b80000 - 0x00007ffb15941000 	C:\Users\WFSYSTEM\AppData\Local\Programs\IntelliJ IDEA Ultimate 2025.1.4.1\jbr\bin\server\jvm.dll
0x00007ffb91b60000 - 0x00007ffb91c11000 	C:\Windows\System32\ADVAPI32.dll
0x00007ffb90850000 - 0x00007ffb908ef000 	C:\Windows\System32\sechost.dll
0x00007ffb90720000 - 0x00007ffb90843000 	C:\Windows\System32\RPCRT4.dll
0x00007ffb8f6f0000 - 0x00007ffb8f717000 	C:\Windows\System32\bcrypt.dll
0x00007ffb90590000 - 0x00007ffb905fb000 	C:\Windows\System32\WS2_32.dll
0x00007ffb7ba80000 - 0x00007ffb7baa7000 	C:\Windows\SYSTEM32\WINMM.dll
0x00007ffb80940000 - 0x00007ffb8094a000 	C:\Windows\SYSTEM32\VERSION.dll
0x00007ffb8f400000 - 0x00007ffb8f44b000 	C:\Windows\SYSTEM32\POWRPROF.dll
0x00007ffb8f3e0000 - 0x00007ffb8f3f2000 	C:\Windows\SYSTEM32\UMPDC.dll
0x00007ffb8ddc0000 - 0x00007ffb8ddd2000 	C:\Windows\SYSTEM32\kernel.appcore.dll
0x00007ffb897c0000 - 0x00007ffb897ca000 	C:\Users\WFSYSTEM\AppData\Local\Programs\IntelliJ IDEA Ultimate 2025.1.4.1\jbr\bin\jimage.dll
0x00007ffb805b0000 - 0x00007ffb807b1000 	C:\Windows\SYSTEM32\DBGHELP.DLL
0x00007ffb78df0000 - 0x00007ffb78e24000 	C:\Windows\SYSTEM32\dbgcore.DLL
0x00007ffb8fea0000 - 0x00007ffb8ff22000 	C:\Windows\System32\bcryptPrimitives.dll
0x00007ffb89480000 - 0x00007ffb894a0000 	C:\Users\WFSYSTEM\AppData\Local\Programs\IntelliJ IDEA Ultimate 2025.1.4.1\jbr\bin\java.dll

dbghelp: loaded successfully - version: 4.0.5 - missing functions: none
symbol engine: initialized successfully - sym options: 0x614 - pdb path: .;C:\Users\WFSYSTEM\AppData\Local\Programs\IntelliJ IDEA Ultimate 2025.1.4.1\jbr\bin;C:\Windows\SYSTEM32;C:\Windows\WinSxS\amd64_microsoft.windows.common-controls_6595b64144ccf1df_6.0.19041.5915_none_60b4b9d171f9c7c7;C:\Users\WFSYSTEM\AppData\Local\Programs\IntelliJ IDEA Ultimate 2025.1.4.1\jbr\bin\server

VM Arguments:
java_command: git4idea.http.GitAskPassApp Username for 'https://github.com': 
java_class_path (initial): C:/Users/WFSYSTEM/AppData/Local/Programs/IntelliJ IDEA Ultimate 2025.1.4.1/plugins/vcs-git/lib/git4idea-rt.jar;C:/Users/WFSYSTEM/AppData/Local/Programs/IntelliJ IDEA Ultimate 2025.1.4.1/lib/externalProcess-rt.jar
Launcher Type: SUN_STANDARD

[Global flags]
     intx CICompilerCount                          = 3                                         {product} {ergonomic}
     uint ConcGCThreads                            = 1                                         {product} {ergonomic}
     uint G1ConcRefinementThreads                  = 4                                         {product} {ergonomic}
   size_t G1HeapRegionSize                         = 1048576                                   {product} {ergonomic}
    uintx GCDrainStackTargetSize                   = 64                                        {product} {ergonomic}
   size_t InitialHeapSize                          = 67108864                                  {product} {ergonomic}
   size_t MarkStackSize                            = 4194304                                   {product} {ergonomic}
   size_t MaxHeapSize                              = 1059061760                                {product} {ergonomic}
   size_t MinHeapDeltaBytes                        = 1048576                                   {product} {ergonomic}
   size_t MinHeapSize                              = 8388608                                   {product} {ergonomic}
    uintx NonNMethodCodeHeapSize                   = 5832780                                {pd product} {ergonomic}
    uintx NonProfiledCodeHeapSize                  = 122912730                              {pd product} {ergonomic}
    uintx ProfiledCodeHeapSize                     = 122912730                              {pd product} {ergonomic}
    uintx ReservedCodeCacheSize                    = 251658240                              {pd product} {ergonomic}
     bool SegmentedCodeCache                       = true                                      {product} {ergonomic}
   size_t SoftMaxHeapSize                          = 1059061760                             {manageable} {ergonomic}
     bool UseCompressedOops                        = true                           {product lp64_product} {ergonomic}
     bool UseG1GC                                  = true                                      {product} {ergonomic}
     bool UseLargePagesIndividualAllocation        = false                                  {pd product} {ergonomic}

Logging:
Log output configuration:
 #0: stdout all=warning uptime,level,tags foldmultilines=false
 #1: stderr all=off uptime,level,tags foldmultilines=false

Environment Variables:
JAVA_HOME=C:\Program Files\Eclipse Adoptium\jdk-17.0.15.6-hotspot
PATH=C:\Program Files\Git\mingw64\libexec\git-core;C:\Program Files\Git\mingw64\libexec\git-core;C:\Program Files\Git\mingw64\bin;C:\Program Files\Git\usr\bin;C:\Users\WFSYSTEM\bin;C:\Program Files (x86)\Common Files\Oracle\Java\java8path;C:\Program Files (x86)\Common Files\Oracle\Java\javapath;C:\Program Files\Eclipse Adoptium\jdk-17.0.15.6-hotspot\bin;C:\Program Files\Eclipse Adoptium\jdk-17.0.15.6-hotspot\bin;C:\Program Files\apache\bin\bin;C:\Program Files\Tailscale;C:\Program Files\PuTTY;C:\Program Files\nodejs;C:\Program Files\Git\cmd;%MAVE_HOME%;C:\Program Files\Apache\bin;C:\Program Files\JetBrains\IntelliJ IDEA Community Edition 2025.1\bin;C:\Users\WFSYSTEM\AppData\Roaming\npm;C:\Users\WFSYSTEM\AppData\Local\Programs\Microsoft VS Code\bin;C:\tizen\tools
USERNAME=WFSYSTEM
DISPLAY=:0.0
LC_ALL=en_US.UTF-8
TERM=xterm-256color
TMPDIR=C:\Users\WFSYSTEM\AppData\Local\Temp
OS=Windows_NT
PROCESSOR_IDENTIFIER=Intel64 Family 6 Model 69 Stepping 1, GenuineIntel
TMP=C:\Users\WFSYSTEM\AppData\Local\Temp
TEMP=C:\Users\WFSYSTEM\AppData\Local\Temp




Periodic native trim disabled

JNI global refs:
JNI global refs: 0, weak refs: 0

JNI global refs memory usage: 0, weak refs: 0

Process memory usage:
Resident Set Size: 10228K (0% of 4133120K total physical memory with 535224K free physical memory)

OOME stack traces (most recent first):
Classloader memory used:

---------------  S Y S T E M  ---------------

OS:
 Windows 10 , 64 bit Build 19041 (10.0.19041.5915)
OS uptime: 1 days 5:08 hours

CPU: total 4 (initial active 4) (2 cores per cpu, 2 threads per core) family 6 model 69 stepping 1 microcode 0x26, cx8, cmov, fxsr, ht, mmx, sse, sse2, sse3, ssse3, sse4.1, sse4.2, popcnt, lzcnt, tsc, tscinvbit, avx, avx2, aes, erms, clmul, bmi1, bmi2, fma, vzeroupper, clflush, rdtscp, f16c
Processor Information for the first 4 processors :
  Max Mhz: 2001, Current Mhz: 2001, Mhz Limit: 2001

Memory: 4k page, system-wide physical 4036M (522M free)
TotalPageFile size 12228M (AvailPageFile size 34M)
current process WorkingSet (physical memory assigned to process): 10M, peak: 10M
current process commit charge ("private bytes"): 51M, peak: 115M

vm_info: OpenJDK 64-Bit Server VM (21.0.7+9-b895.130) for windows-amd64 JRE (21.0.7+9-b895.130), built on 2025-05-13 by "builduser" with MS VC++ 16.10 / 16.11 (VS2019)

END.
